This file contains any messages produced by compilers while
running configure, to aid debugging if configure makes a mistake.

It was created by Multitouch Protocol Translation Library configure 1.1.5, which was
generated by GNU Autoconf 2.69.  Invocation command line was

  $ ./configure --prefix=/home/fabrice/dev/servonk/ports/gonk/target/armv7-linux-androideabi/release/build/mtdev-2e3c109e97ee937b/out --with-sysroot=/media/fabrice/c13a996b-93e3-43ce-a1ab-9fb508c2cdbb/dev/B2G/out/target/product/aries/obj/ --host=arm-linux-androideabi

## --------- ##
## Platform. ##
## --------- ##

hostname = xps13
uname -m = x86_64
uname -r = 4.13.0-36-generic
uname -s = Linux
uname -v = #40-Ubuntu SMP Fri Feb 16 20:07:48 UTC 2018

/usr/bin/uname -p = unknown
/bin/uname -X     = unknown

/bin/arch              = unknown
/usr/bin/arch -k       = unknown
/usr/convex/getsysinfo = unknown
/usr/bin/hostinfo      = unknown
/bin/machine           = unknown
/usr/bin/oslevel       = unknown
/bin/universe          = unknown

PATH: /home/fabrice/.cargo/bin
PATH: /media/fabrice/c13a996b-93e3-43ce-a1ab-9fb508c2cdbb/dev/B2G/prebuilts/gcc/linux-x86/arm/arm-linux-androideabi-4.9/bin/
PATH: /home/fabrice/dev/depot_tools
PATH: /home/fabrice/.nvm/versions/node/v9.1.0/bin
PATH: /home/fabrice/.nvm/versions/node/v9.1.0/bin
PATH: /home/fabrice/.cargo/bin
PATH: /usr/local/sbin
PATH: /usr/local/bin
PATH: /usr/sbin
PATH: /usr/bin
PATH: /sbin
PATH: /bin
PATH: /usr/games
PATH: /usr/local/games
PATH: /snap/bin


## ----------- ##
## Core tests. ##
## ----------- ##

configure:2162: checking for a BSD-compatible install
configure:2230: result: /usr/bin/install -c
configure:2241: checking whether build environment is sane
configure:2296: result: yes
configure:2334: WARNING: 'missing' script is too old or missing
configure:2355: checking for arm-linux-androideabi-strip
configure:2371: found /media/fabrice/c13a996b-93e3-43ce-a1ab-9fb508c2cdbb/dev/B2G/prebuilts/gcc/linux-x86/arm/arm-linux-androideabi-4.9/bin//arm-linux-androideabi-strip
configure:2382: result: arm-linux-androideabi-strip
configure:2447: checking for a thread-safe mkdir -p
configure:2486: result: /bin/mkdir -p
configure:2493: checking for gawk
configure:2509: found /usr/bin/gawk
configure:2520: result: gawk
configure:2531: checking whether make sets $(MAKE)
configure:2553: result: yes
configure:2582: checking whether make supports nested variables
configure:2599: result: yes
configure:2735: checking whether make supports nested variables
configure:2752: result: yes
configure:2797: checking build system type
configure:2811: result: x86_64-unknown-linux-gnu
configure:2831: checking host system type
configure:2844: result: arm-unknown-linux-androideabi
configure:2885: checking how to print strings
configure:2912: result: printf
configure:2945: checking for style of include used by make
configure:2973: result: GNU
configure:3004: checking for arm-linux-androideabi-gcc
configure:3031: result: arm-linux-androideabi-gcc
configure:3300: checking for C compiler version
configure:3309: arm-linux-androideabi-gcc --version >&5
real-arm-linux-androideabi-gcc (GCC) 4.9.x 20150123 (prerelease)
Copyright (C) 2014 Free Software Foundation, Inc.
This is free software; see the source for copying conditions.  There is NO
warranty; not even for MERCHANTABILITY or FITNESS FOR A PARTICULAR PURPOSE.

configure:3320: $? = 0
configure:3309: arm-linux-androideabi-gcc -v >&5
Using built-in specs.
COLLECT_GCC=/media/fabrice/c13a996b-93e3-43ce-a1ab-9fb508c2cdbb/dev/B2G/prebuilts/gcc/linux-x86/arm/arm-linux-androideabi-4.9/bin/real-arm-linux-androideabi-gcc
COLLECT_LTO_WRAPPER=/media/fabrice/c13a996b-93e3-43ce-a1ab-9fb508c2cdbb/dev/B2G/prebuilts/gcc/linux-x86/arm/arm-linux-androideabi-4.9/bin/../libexec/gcc/arm-linux-androideabi/4.9.x/lto-wrapper
Target: arm-linux-androideabi
Configured with: /buildbot/src/android/gcc/toolchain/build/../gcc/gcc-4.9/configure --prefix=/tmp/34269abe420208e092316e702cdce5df --target=arm-linux-androideabi --host=x86_64-linux-gnu --build=x86_64-linux-gnu --with-gnu-as --with-gnu-ld --enable-languages=c,c++ --with-gmp=/buildbot/tmp/build/toolchain/temp-install --with-mpfr=/buildbot/tmp/build/toolchain/temp-install --with-mpc=/buildbot/tmp/build/toolchain/temp-install --with-cloog=/buildbot/tmp/build/toolchain/temp-install --with-isl=/buildbot/tmp/build/toolchain/temp-install --with-ppl=/buildbot/tmp/build/toolchain/temp-install --disable-ppl-version-check --disable-cloog-version-check --disable-isl-version-check --enable-cloog-backend=isl --with-host-libstdcxx='-static-libgcc -Wl,-Bstatic,-lstdc++,-Bdynamic -lm' --disable-libssp --enable-threads --disable-nls --disable-libmudflap --disable-libgomp --disable-libstdc__-v3 --disable-sjlj-exceptions --disable-shared --disable-tls --disable-libitm --with-float=soft --with-fpu=vfp --with-arch=armv5te --enable-target-optspace --enable-bionic-libs --enable-libatomic-ifuncs=no --enable-initfini-array --disable-nls --prefix=/tmp/34269abe420208e092316e702cdce5df --with-sysroot=/tmp/34269abe420208e092316e702cdce5df/sysroot --with-binutils-version=2.27 --with-mpfr-version=3.1.1 --with-mpc-version=1.0.1 --with-gmp-version=5.0.5 --with-gcc-version=4.9 --with-gdb-version=none --with-gxx-include-dir=/tmp/34269abe420208e092316e702cdce5df/include/c++/4.9.x --with-bugurl=http://source.android.com/source/report-bugs.html --enable-languages=c,c++ --disable-bootstrap --enable-plugins --enable-libgomp --enable-gnu-indirect-function --disable-libsanitizer --enable-gold --enable-threads --enable-eh-frame-hdr-for-static --enable-graphite=yes --with-isl-version=0.11.1 --with-cloog-version=0.18.0 --with-arch=armv5te --program-transform-name='s&^&arm-linux-androideabi-&' --enable-gold=default
Thread model: posix
gcc version 4.9.x 20150123 (prerelease) (GCC) 
configure:3320: $? = 0
configure:3309: arm-linux-androideabi-gcc -V >&5
real-arm-linux-androideabi-gcc: error: unrecognized command line option '-V'
real-arm-linux-androideabi-gcc: fatal error: no input files
compilation terminated.
configure:3320: $? = 1
configure:3309: arm-linux-androideabi-gcc -qversion >&5
real-arm-linux-androideabi-gcc: error: unrecognized command line option '-qversion'
real-arm-linux-androideabi-gcc: fatal error: no input files
compilation terminated.
configure:3320: $? = 1
configure:3340: checking whether the C compiler works
configure:3362: arm-linux-androideabi-gcc -I/media/fabrice/c13a996b-93e3-43ce-a1ab-9fb508c2cdbb/dev/B2G/prebuilts/ndk/9/platforms/android-21/arch-arm/usr/include -O2 -mandroid -fPIC -isystem /media/fabrice/c13a996b-93e3-43ce-a1ab-9fb508c2cdbb/dev/B2G/api/cpp/include -I/media/fabrice/c13a996b-93e3-43ce-a1ab-9fb508c2cdbb/dev/B2G/external/libcxx/include -I/media/fabrice/c13a996b-93e3-43ce-a1ab-9fb508c2cdbb/dev/B2G/external/libcxx/include/ext -I/media/fabrice/c13a996b-93e3-43ce-a1ab-9fb508c2cdbb/dev/B2G/ndk/sources/cxx-stl/system/include -DANDROID -DTARGET_OS_GONK -DANDROID_VERSION=23 -DGR_GL_USE_NEW_SHADER_SOURCE_SIGNATURE=1 -isystem /media/fabrice/c13a996b-93e3-43ce-a1ab-9fb508c2cdbb/dev/B2G/bionic -isystem /media/fabrice/c13a996b-93e3-43ce-a1ab-9fb508c2cdbb/dev/B2G/bionic/libc/arch-arm/include -isystem /media/fabrice/c13a996b-93e3-43ce-a1ab-9fb508c2cdbb/dev/B2G/prebuilts/ndk/9/platforms/android-21/arch-arm/usr/include -isystem /media/fabrice/c13a996b-93e3-43ce-a1ab-9fb508c2cdbb/dev/B2G/bionic/libc/include/ -isystem /media/fabrice/c13a996b-93e3-43ce-a1ab-9fb508c2cdbb/dev/B2G/bionic/libc/kernel/common -isystem /media/fabrice/c13a996b-93e3-43ce-a1ab-9fb508c2cdbb/dev/B2G/bionic/libc/kernel/arch-arm -isystem /media/fabrice/c13a996b-93e3-43ce-a1ab-9fb508c2cdbb/dev/B2G/bionic/libc/kernel/uapi/ -isystem /media/fabrice/c13a996b-93e3-43ce-a1ab-9fb508c2cdbb/dev/B2G/bionic/libc/kernel/uapi/asm-arm/ -isystem /media/fabrice/c13a996b-93e3-43ce-a1ab-9fb508c2cdbb/dev/B2G/bionic/libm/include -I/media/fabrice/c13a996b-93e3-43ce-a1ab-9fb508c2cdbb/dev/B2G/frameworks/native/include -I/media/fabrice/c13a996b-93e3-43ce-a1ab-9fb508c2cdbb/dev/B2G/system -I/media/fabrice/c13a996b-93e3-43ce-a1ab-9fb508c2cdbb/dev/B2G/system/core/include -I/media/fabrice/c13a996b-93e3-43ce-a1ab-9fb508c2cdbb/dev/B2G/external/zlib -mandroid -L/media/fabrice/c13a996b-93e3-43ce-a1ab-9fb508c2cdbb/dev/B2G/out/target/product/aries/obj/lib -Wl,-rpath-link=/media/fabrice/c13a996b-93e3-43ce-a1ab-9fb508c2cdbb/dev/B2G/out/target/product/aries/obj/lib --sysroot=/media/fabrice/c13a996b-93e3-43ce-a1ab-9fb508c2cdbb/dev/B2G/out/target/product/aries/obj/ conftest.c  >&5
configure:3366: $? = 0
configure:3414: result: yes
configure:3417: checking for C compiler default output file name
configure:3419: result: a.out
configure:3425: checking for suffix of executables
configure:3432: arm-linux-androideabi-gcc -o conftest -I/media/fabrice/c13a996b-93e3-43ce-a1ab-9fb508c2cdbb/dev/B2G/prebuilts/ndk/9/platforms/android-21/arch-arm/usr/include -O2 -mandroid -fPIC -isystem /media/fabrice/c13a996b-93e3-43ce-a1ab-9fb508c2cdbb/dev/B2G/api/cpp/include -I/media/fabrice/c13a996b-93e3-43ce-a1ab-9fb508c2cdbb/dev/B2G/external/libcxx/include -I/media/fabrice/c13a996b-93e3-43ce-a1ab-9fb508c2cdbb/dev/B2G/external/libcxx/include/ext -I/media/fabrice/c13a996b-93e3-43ce-a1ab-9fb508c2cdbb/dev/B2G/ndk/sources/cxx-stl/system/include -DANDROID -DTARGET_OS_GONK -DANDROID_VERSION=23 -DGR_GL_USE_NEW_SHADER_SOURCE_SIGNATURE=1 -isystem /media/fabrice/c13a996b-93e3-43ce-a1ab-9fb508c2cdbb/dev/B2G/bionic -isystem /media/fabrice/c13a996b-93e3-43ce-a1ab-9fb508c2cdbb/dev/B2G/bionic/libc/arch-arm/include -isystem /media/fabrice/c13a996b-93e3-43ce-a1ab-9fb508c2cdbb/dev/B2G/prebuilts/ndk/9/platforms/android-21/arch-arm/usr/include -isystem /media/fabrice/c13a996b-93e3-43ce-a1ab-9fb508c2cdbb/dev/B2G/bionic/libc/include/ -isystem /media/fabrice/c13a996b-93e3-43ce-a1ab-9fb508c2cdbb/dev/B2G/bionic/libc/kernel/common -isystem /media/fabrice/c13a996b-93e3-43ce-a1ab-9fb508c2cdbb/dev/B2G/bionic/libc/kernel/arch-arm -isystem /media/fabrice/c13a996b-93e3-43ce-a1ab-9fb508c2cdbb/dev/B2G/bionic/libc/kernel/uapi/ -isystem /media/fabrice/c13a996b-93e3-43ce-a1ab-9fb508c2cdbb/dev/B2G/bionic/libc/kernel/uapi/asm-arm/ -isystem /media/fabrice/c13a996b-93e3-43ce-a1ab-9fb508c2cdbb/dev/B2G/bionic/libm/include -I/media/fabrice/c13a996b-93e3-43ce-a1ab-9fb508c2cdbb/dev/B2G/frameworks/native/include -I/media/fabrice/c13a996b-93e3-43ce-a1ab-9fb508c2cdbb/dev/B2G/system -I/media/fabrice/c13a996b-93e3-43ce-a1ab-9fb508c2cdbb/dev/B2G/system/core/include -I/media/fabrice/c13a996b-93e3-43ce-a1ab-9fb508c2cdbb/dev/B2G/external/zlib -mandroid -L/media/fabrice/c13a996b-93e3-43ce-a1ab-9fb508c2cdbb/dev/B2G/out/target/product/aries/obj/lib -Wl,-rpath-link=/media/fabrice/c13a996b-93e3-43ce-a1ab-9fb508c2cdbb/dev/B2G/out/target/product/aries/obj/lib --sysroot=/media/fabrice/c13a996b-93e3-43ce-a1ab-9fb508c2cdbb/dev/B2G/out/target/product/aries/obj/ conftest.c  >&5
configure:3436: $? = 0
configure:3458: result: 
configure:3480: checking whether we are cross compiling
configure:3488: arm-linux-androideabi-gcc -o conftest -I/media/fabrice/c13a996b-93e3-43ce-a1ab-9fb508c2cdbb/dev/B2G/prebuilts/ndk/9/platforms/android-21/arch-arm/usr/include -O2 -mandroid -fPIC -isystem /media/fabrice/c13a996b-93e3-43ce-a1ab-9fb508c2cdbb/dev/B2G/api/cpp/include -I/media/fabrice/c13a996b-93e3-43ce-a1ab-9fb508c2cdbb/dev/B2G/external/libcxx/include -I/media/fabrice/c13a996b-93e3-43ce-a1ab-9fb508c2cdbb/dev/B2G/external/libcxx/include/ext -I/media/fabrice/c13a996b-93e3-43ce-a1ab-9fb508c2cdbb/dev/B2G/ndk/sources/cxx-stl/system/include -DANDROID -DTARGET_OS_GONK -DANDROID_VERSION=23 -DGR_GL_USE_NEW_SHADER_SOURCE_SIGNATURE=1 -isystem /media/fabrice/c13a996b-93e3-43ce-a1ab-9fb508c2cdbb/dev/B2G/bionic -isystem /media/fabrice/c13a996b-93e3-43ce-a1ab-9fb508c2cdbb/dev/B2G/bionic/libc/arch-arm/include -isystem /media/fabrice/c13a996b-93e3-43ce-a1ab-9fb508c2cdbb/dev/B2G/prebuilts/ndk/9/platforms/android-21/arch-arm/usr/include -isystem /media/fabrice/c13a996b-93e3-43ce-a1ab-9fb508c2cdbb/dev/B2G/bionic/libc/include/ -isystem /media/fabrice/c13a996b-93e3-43ce-a1ab-9fb508c2cdbb/dev/B2G/bionic/libc/kernel/common -isystem /media/fabrice/c13a996b-93e3-43ce-a1ab-9fb508c2cdbb/dev/B2G/bionic/libc/kernel/arch-arm -isystem /media/fabrice/c13a996b-93e3-43ce-a1ab-9fb508c2cdbb/dev/B2G/bionic/libc/kernel/uapi/ -isystem /media/fabrice/c13a996b-93e3-43ce-a1ab-9fb508c2cdbb/dev/B2G/bionic/libc/kernel/uapi/asm-arm/ -isystem /media/fabrice/c13a996b-93e3-43ce-a1ab-9fb508c2cdbb/dev/B2G/bionic/libm/include -I/media/fabrice/c13a996b-93e3-43ce-a1ab-9fb508c2cdbb/dev/B2G/frameworks/native/include -I/media/fabrice/c13a996b-93e3-43ce-a1ab-9fb508c2cdbb/dev/B2G/system -I/media/fabrice/c13a996b-93e3-43ce-a1ab-9fb508c2cdbb/dev/B2G/system/core/include -I/media/fabrice/c13a996b-93e3-43ce-a1ab-9fb508c2cdbb/dev/B2G/external/zlib -mandroid -L/media/fabrice/c13a996b-93e3-43ce-a1ab-9fb508c2cdbb/dev/B2G/out/target/product/aries/obj/lib -Wl,-rpath-link=/media/fabrice/c13a996b-93e3-43ce-a1ab-9fb508c2cdbb/dev/B2G/out/target/product/aries/obj/lib --sysroot=/media/fabrice/c13a996b-93e3-43ce-a1ab-9fb508c2cdbb/dev/B2G/out/target/product/aries/obj/ conftest.c  >&5
configure:3492: $? = 0
configure:3499: ./conftest
./configure: line 3501: ./conftest: cannot execute binary file: Exec format error
configure:3503: $? = 126
configure:3518: result: yes
configure:3523: checking for suffix of object files
configure:3545: arm-linux-androideabi-gcc -c -I/media/fabrice/c13a996b-93e3-43ce-a1ab-9fb508c2cdbb/dev/B2G/prebuilts/ndk/9/platforms/android-21/arch-arm/usr/include -O2 -mandroid -fPIC -isystem /media/fabrice/c13a996b-93e3-43ce-a1ab-9fb508c2cdbb/dev/B2G/api/cpp/include -I/media/fabrice/c13a996b-93e3-43ce-a1ab-9fb508c2cdbb/dev/B2G/external/libcxx/include -I/media/fabrice/c13a996b-93e3-43ce-a1ab-9fb508c2cdbb/dev/B2G/external/libcxx/include/ext -I/media/fabrice/c13a996b-93e3-43ce-a1ab-9fb508c2cdbb/dev/B2G/ndk/sources/cxx-stl/system/include -DANDROID -DTARGET_OS_GONK -DANDROID_VERSION=23 -DGR_GL_USE_NEW_SHADER_SOURCE_SIGNATURE=1 -isystem /media/fabrice/c13a996b-93e3-43ce-a1ab-9fb508c2cdbb/dev/B2G/bionic -isystem /media/fabrice/c13a996b-93e3-43ce-a1ab-9fb508c2cdbb/dev/B2G/bionic/libc/arch-arm/include -isystem /media/fabrice/c13a996b-93e3-43ce-a1ab-9fb508c2cdbb/dev/B2G/prebuilts/ndk/9/platforms/android-21/arch-arm/usr/include -isystem /media/fabrice/c13a996b-93e3-43ce-a1ab-9fb508c2cdbb/dev/B2G/bionic/libc/include/ -isystem /media/fabrice/c13a996b-93e3-43ce-a1ab-9fb508c2cdbb/dev/B2G/bionic/libc/kernel/common -isystem /media/fabrice/c13a996b-93e3-43ce-a1ab-9fb508c2cdbb/dev/B2G/bionic/libc/kernel/arch-arm -isystem /media/fabrice/c13a996b-93e3-43ce-a1ab-9fb508c2cdbb/dev/B2G/bionic/libc/kernel/uapi/ -isystem /media/fabrice/c13a996b-93e3-43ce-a1ab-9fb508c2cdbb/dev/B2G/bionic/libc/kernel/uapi/asm-arm/ -isystem /media/fabrice/c13a996b-93e3-43ce-a1ab-9fb508c2cdbb/dev/B2G/bionic/libm/include -I/media/fabrice/c13a996b-93e3-43ce-a1ab-9fb508c2cdbb/dev/B2G/frameworks/native/include -I/media/fabrice/c13a996b-93e3-43ce-a1ab-9fb508c2cdbb/dev/B2G/system -I/media/fabrice/c13a996b-93e3-43ce-a1ab-9fb508c2cdbb/dev/B2G/system/core/include -I/media/fabrice/c13a996b-93e3-43ce-a1ab-9fb508c2cdbb/dev/B2G/external/zlib conftest.c >&5
configure:3549: $? = 0
configure:3570: result: o
configure:3574: checking whether we are using the GNU C compiler
configure:3593: arm-linux-androideabi-gcc -c -I/media/fabrice/c13a996b-93e3-43ce-a1ab-9fb508c2cdbb/dev/B2G/prebuilts/ndk/9/platforms/android-21/arch-arm/usr/include -O2 -mandroid -fPIC -isystem /media/fabrice/c13a996b-93e3-43ce-a1ab-9fb508c2cdbb/dev/B2G/api/cpp/include -I/media/fabrice/c13a996b-93e3-43ce-a1ab-9fb508c2cdbb/dev/B2G/external/libcxx/include -I/media/fabrice/c13a996b-93e3-43ce-a1ab-9fb508c2cdbb/dev/B2G/external/libcxx/include/ext -I/media/fabrice/c13a996b-93e3-43ce-a1ab-9fb508c2cdbb/dev/B2G/ndk/sources/cxx-stl/system/include -DANDROID -DTARGET_OS_GONK -DANDROID_VERSION=23 -DGR_GL_USE_NEW_SHADER_SOURCE_SIGNATURE=1 -isystem /media/fabrice/c13a996b-93e3-43ce-a1ab-9fb508c2cdbb/dev/B2G/bionic -isystem /media/fabrice/c13a996b-93e3-43ce-a1ab-9fb508c2cdbb/dev/B2G/bionic/libc/arch-arm/include -isystem /media/fabrice/c13a996b-93e3-43ce-a1ab-9fb508c2cdbb/dev/B2G/prebuilts/ndk/9/platforms/android-21/arch-arm/usr/include -isystem /media/fabrice/c13a996b-93e3-43ce-a1ab-9fb508c2cdbb/dev/B2G/bionic/libc/include/ -isystem /media/fabrice/c13a996b-93e3-43ce-a1ab-9fb508c2cdbb/dev/B2G/bionic/libc/kernel/common -isystem /media/fabrice/c13a996b-93e3-43ce-a1ab-9fb508c2cdbb/dev/B2G/bionic/libc/kernel/arch-arm -isystem /media/fabrice/c13a996b-93e3-43ce-a1ab-9fb508c2cdbb/dev/B2G/bionic/libc/kernel/uapi/ -isystem /media/fabrice/c13a996b-93e3-43ce-a1ab-9fb508c2cdbb/dev/B2G/bionic/libc/kernel/uapi/asm-arm/ -isystem /media/fabrice/c13a996b-93e3-43ce-a1ab-9fb508c2cdbb/dev/B2G/bionic/libm/include -I/media/fabrice/c13a996b-93e3-43ce-a1ab-9fb508c2cdbb/dev/B2G/frameworks/native/include -I/media/fabrice/c13a996b-93e3-43ce-a1ab-9fb508c2cdbb/dev/B2G/system -I/media/fabrice/c13a996b-93e3-43ce-a1ab-9fb508c2cdbb/dev/B2G/system/core/include -I/media/fabrice/c13a996b-93e3-43ce-a1ab-9fb508c2cdbb/dev/B2G/external/zlib conftest.c >&5
configure:3593: $? = 0
configure:3602: result: yes
configure:3611: checking whether arm-linux-androideabi-gcc accepts -g
configure:3631: arm-linux-androideabi-gcc -c -g -O2 -mandroid -fPIC -isystem /media/fabrice/c13a996b-93e3-43ce-a1ab-9fb508c2cdbb/dev/B2G/api/cpp/include -I/media/fabrice/c13a996b-93e3-43ce-a1ab-9fb508c2cdbb/dev/B2G/external/libcxx/include -I/media/fabrice/c13a996b-93e3-43ce-a1ab-9fb508c2cdbb/dev/B2G/external/libcxx/include/ext -I/media/fabrice/c13a996b-93e3-43ce-a1ab-9fb508c2cdbb/dev/B2G/ndk/sources/cxx-stl/system/include -DANDROID -DTARGET_OS_GONK -DANDROID_VERSION=23 -DGR_GL_USE_NEW_SHADER_SOURCE_SIGNATURE=1 -isystem /media/fabrice/c13a996b-93e3-43ce-a1ab-9fb508c2cdbb/dev/B2G/bionic -isystem /media/fabrice/c13a996b-93e3-43ce-a1ab-9fb508c2cdbb/dev/B2G/bionic/libc/arch-arm/include -isystem /media/fabrice/c13a996b-93e3-43ce-a1ab-9fb508c2cdbb/dev/B2G/prebuilts/ndk/9/platforms/android-21/arch-arm/usr/include -isystem /media/fabrice/c13a996b-93e3-43ce-a1ab-9fb508c2cdbb/dev/B2G/bionic/libc/include/ -isystem /media/fabrice/c13a996b-93e3-43ce-a1ab-9fb508c2cdbb/dev/B2G/bionic/libc/kernel/common -isystem /media/fabrice/c13a996b-93e3-43ce-a1ab-9fb508c2cdbb/dev/B2G/bionic/libc/kernel/arch-arm -isystem /media/fabrice/c13a996b-93e3-43ce-a1ab-9fb508c2cdbb/dev/B2G/bionic/libc/kernel/uapi/ -isystem /media/fabrice/c13a996b-93e3-43ce-a1ab-9fb508c2cdbb/dev/B2G/bionic/libc/kernel/uapi/asm-arm/ -isystem /media/fabrice/c13a996b-93e3-43ce-a1ab-9fb508c2cdbb/dev/B2G/bionic/libm/include -I/media/fabrice/c13a996b-93e3-43ce-a1ab-9fb508c2cdbb/dev/B2G/frameworks/native/include -I/media/fabrice/c13a996b-93e3-43ce-a1ab-9fb508c2cdbb/dev/B2G/system -I/media/fabrice/c13a996b-93e3-43ce-a1ab-9fb508c2cdbb/dev/B2G/system/core/include -I/media/fabrice/c13a996b-93e3-43ce-a1ab-9fb508c2cdbb/dev/B2G/external/zlib conftest.c >&5
configure:3631: $? = 0
configure:3672: result: yes
configure:3689: checking for arm-linux-androideabi-gcc option to accept ISO C89
configure:3752: arm-linux-androideabi-gcc  -c -I/media/fabrice/c13a996b-93e3-43ce-a1ab-9fb508c2cdbb/dev/B2G/prebuilts/ndk/9/platforms/android-21/arch-arm/usr/include -O2 -mandroid -fPIC -isystem /media/fabrice/c13a996b-93e3-43ce-a1ab-9fb508c2cdbb/dev/B2G/api/cpp/include -I/media/fabrice/c13a996b-93e3-43ce-a1ab-9fb508c2cdbb/dev/B2G/external/libcxx/include -I/media/fabrice/c13a996b-93e3-43ce-a1ab-9fb508c2cdbb/dev/B2G/external/libcxx/include/ext -I/media/fabrice/c13a996b-93e3-43ce-a1ab-9fb508c2cdbb/dev/B2G/ndk/sources/cxx-stl/system/include -DANDROID -DTARGET_OS_GONK -DANDROID_VERSION=23 -DGR_GL_USE_NEW_SHADER_SOURCE_SIGNATURE=1 -isystem /media/fabrice/c13a996b-93e3-43ce-a1ab-9fb508c2cdbb/dev/B2G/bionic -isystem /media/fabrice/c13a996b-93e3-43ce-a1ab-9fb508c2cdbb/dev/B2G/bionic/libc/arch-arm/include -isystem /media/fabrice/c13a996b-93e3-43ce-a1ab-9fb508c2cdbb/dev/B2G/prebuilts/ndk/9/platforms/android-21/arch-arm/usr/include -isystem /media/fabrice/c13a996b-93e3-43ce-a1ab-9fb508c2cdbb/dev/B2G/bionic/libc/include/ -isystem /media/fabrice/c13a996b-93e3-43ce-a1ab-9fb508c2cdbb/dev/B2G/bionic/libc/kernel/common -isystem /media/fabrice/c13a996b-93e3-43ce-a1ab-9fb508c2cdbb/dev/B2G/bionic/libc/kernel/arch-arm -isystem /media/fabrice/c13a996b-93e3-43ce-a1ab-9fb508c2cdbb/dev/B2G/bionic/libc/kernel/uapi/ -isystem /media/fabrice/c13a996b-93e3-43ce-a1ab-9fb508c2cdbb/dev/B2G/bionic/libc/kernel/uapi/asm-arm/ -isystem /media/fabrice/c13a996b-93e3-43ce-a1ab-9fb508c2cdbb/dev/B2G/bionic/libm/include -I/media/fabrice/c13a996b-93e3-43ce-a1ab-9fb508c2cdbb/dev/B2G/frameworks/native/include -I/media/fabrice/c13a996b-93e3-43ce-a1ab-9fb508c2cdbb/dev/B2G/system -I/media/fabrice/c13a996b-93e3-43ce-a1ab-9fb508c2cdbb/dev/B2G/system/core/include -I/media/fabrice/c13a996b-93e3-43ce-a1ab-9fb508c2cdbb/dev/B2G/external/zlib conftest.c >&5
configure:3752: $? = 0
configure:3765: result: none needed
configure:3790: checking whether arm-linux-androideabi-gcc understands -c and -o together
configure:3812: arm-linux-androideabi-gcc -c conftest.c -o conftest2.o
configure:3815: $? = 0
configure:3812: arm-linux-androideabi-gcc -c conftest.c -o conftest2.o
configure:3815: $? = 0
configure:3827: result: yes
configure:3846: checking dependency style of arm-linux-androideabi-gcc
configure:3957: result: gcc3
configure:3972: checking for a sed that does not truncate output
configure:4036: result: /bin/sed
configure:4054: checking for grep that handles long lines and -e
configure:4112: result: /bin/grep
configure:4117: checking for egrep
configure:4179: result: /bin/grep -E
configure:4184: checking for fgrep
configure:4246: result: /bin/grep -F
configure:4281: checking for ld used by arm-linux-androideabi-gcc
configure:4348: result: /media/fabrice/c13a996b-93e3-43ce-a1ab-9fb508c2cdbb/dev/B2G/prebuilts/gcc/linux-x86/arm/arm-linux-androideabi-4.9/arm-linux-androideabi/bin/ld
configure:4355: checking if the linker (/media/fabrice/c13a996b-93e3-43ce-a1ab-9fb508c2cdbb/dev/B2G/prebuilts/gcc/linux-x86/arm/arm-linux-androideabi-4.9/arm-linux-androideabi/bin/ld) is GNU ld
configure:4370: result: yes
configure:4382: checking for BSD- or MS-compatible name lister (nm)
configure:4431: result: /media/fabrice/c13a996b-93e3-43ce-a1ab-9fb508c2cdbb/dev/B2G/prebuilts/gcc/linux-x86/arm/arm-linux-androideabi-4.9/bin//arm-linux-androideabi-nm -B
configure:4561: checking the name lister (/media/fabrice/c13a996b-93e3-43ce-a1ab-9fb508c2cdbb/dev/B2G/prebuilts/gcc/linux-x86/arm/arm-linux-androideabi-4.9/bin//arm-linux-androideabi-nm -B) interface
configure:4568: arm-linux-androideabi-gcc -c -I/media/fabrice/c13a996b-93e3-43ce-a1ab-9fb508c2cdbb/dev/B2G/prebuilts/ndk/9/platforms/android-21/arch-arm/usr/include -O2 -mandroid -fPIC -isystem /media/fabrice/c13a996b-93e3-43ce-a1ab-9fb508c2cdbb/dev/B2G/api/cpp/include -I/media/fabrice/c13a996b-93e3-43ce-a1ab-9fb508c2cdbb/dev/B2G/external/libcxx/include -I/media/fabrice/c13a996b-93e3-43ce-a1ab-9fb508c2cdbb/dev/B2G/external/libcxx/include/ext -I/media/fabrice/c13a996b-93e3-43ce-a1ab-9fb508c2cdbb/dev/B2G/ndk/sources/cxx-stl/system/include -DANDROID -DTARGET_OS_GONK -DANDROID_VERSION=23 -DGR_GL_USE_NEW_SHADER_SOURCE_SIGNATURE=1 -isystem /media/fabrice/c13a996b-93e3-43ce-a1ab-9fb508c2cdbb/dev/B2G/bionic -isystem /media/fabrice/c13a996b-93e3-43ce-a1ab-9fb508c2cdbb/dev/B2G/bionic/libc/arch-arm/include -isystem /media/fabrice/c13a996b-93e3-43ce-a1ab-9fb508c2cdbb/dev/B2G/prebuilts/ndk/9/platforms/android-21/arch-arm/usr/include -isystem /media/fabrice/c13a996b-93e3-43ce-a1ab-9fb508c2cdbb/dev/B2G/bionic/libc/include/ -isystem /media/fabrice/c13a996b-93e3-43ce-a1ab-9fb508c2cdbb/dev/B2G/bionic/libc/kernel/common -isystem /media/fabrice/c13a996b-93e3-43ce-a1ab-9fb508c2cdbb/dev/B2G/bionic/libc/kernel/arch-arm -isystem /media/fabrice/c13a996b-93e3-43ce-a1ab-9fb508c2cdbb/dev/B2G/bionic/libc/kernel/uapi/ -isystem /media/fabrice/c13a996b-93e3-43ce-a1ab-9fb508c2cdbb/dev/B2G/bionic/libc/kernel/uapi/asm-arm/ -isystem /media/fabrice/c13a996b-93e3-43ce-a1ab-9fb508c2cdbb/dev/B2G/bionic/libm/include -I/media/fabrice/c13a996b-93e3-43ce-a1ab-9fb508c2cdbb/dev/B2G/frameworks/native/include -I/media/fabrice/c13a996b-93e3-43ce-a1ab-9fb508c2cdbb/dev/B2G/system -I/media/fabrice/c13a996b-93e3-43ce-a1ab-9fb508c2cdbb/dev/B2G/system/core/include -I/media/fabrice/c13a996b-93e3-43ce-a1ab-9fb508c2cdbb/dev/B2G/external/zlib conftest.c >&5
configure:4571: /media/fabrice/c13a996b-93e3-43ce-a1ab-9fb508c2cdbb/dev/B2G/prebuilts/gcc/linux-x86/arm/arm-linux-androideabi-4.9/bin//arm-linux-androideabi-nm -B "conftest.o"
configure:4574: output
00000000 B some_variable
configure:4581: result: BSD nm
configure:4584: checking whether ln -s works
configure:4588: result: yes
configure:4596: checking the maximum length of command line arguments
configure:4726: result: 1572864
configure:4743: checking whether the shell understands some XSI constructs
configure:4753: result: yes
configure:4757: checking whether the shell understands "+="
configure:4763: result: yes
configure:4798: checking how to convert x86_64-unknown-linux-gnu file names to arm-unknown-linux-androideabi format
configure:4838: result: func_convert_file_noop
configure:4845: checking how to convert x86_64-unknown-linux-gnu file names to toolchain format
configure:4865: result: func_convert_file_noop
configure:4872: checking for /media/fabrice/c13a996b-93e3-43ce-a1ab-9fb508c2cdbb/dev/B2G/prebuilts/gcc/linux-x86/arm/arm-linux-androideabi-4.9/arm-linux-androideabi/bin/ld option to reload object files
configure:4879: result: -r
configure:4913: checking for arm-linux-androideabi-objdump
configure:4929: found /media/fabrice/c13a996b-93e3-43ce-a1ab-9fb508c2cdbb/dev/B2G/prebuilts/gcc/linux-x86/arm/arm-linux-androideabi-4.9/bin//arm-linux-androideabi-objdump
configure:4940: result: arm-linux-androideabi-objdump
configure:5012: checking how to recognize dependent libraries
configure:5214: result: pass_all
configure:5259: checking for arm-linux-androideabi-dlltool
configure:5289: result: no
configure:5299: checking for dlltool
configure:5329: result: no
configure:5359: checking how to associate runtime and link libraries
configure:5386: result: printf %s\n
configure:5403: checking for arm-linux-androideabi-ar
configure:5419: found /media/fabrice/c13a996b-93e3-43ce-a1ab-9fb508c2cdbb/dev/B2G/prebuilts/gcc/linux-x86/arm/arm-linux-androideabi-4.9/bin//arm-linux-androideabi-ar
configure:5430: result: arm-linux-androideabi-ar
configure:5511: checking for archiver @FILE support
configure:5528: arm-linux-androideabi-gcc -c -I/media/fabrice/c13a996b-93e3-43ce-a1ab-9fb508c2cdbb/dev/B2G/prebuilts/ndk/9/platforms/android-21/arch-arm/usr/include -O2 -mandroid -fPIC -isystem /media/fabrice/c13a996b-93e3-43ce-a1ab-9fb508c2cdbb/dev/B2G/api/cpp/include -I/media/fabrice/c13a996b-93e3-43ce-a1ab-9fb508c2cdbb/dev/B2G/external/libcxx/include -I/media/fabrice/c13a996b-93e3-43ce-a1ab-9fb508c2cdbb/dev/B2G/external/libcxx/include/ext -I/media/fabrice/c13a996b-93e3-43ce-a1ab-9fb508c2cdbb/dev/B2G/ndk/sources/cxx-stl/system/include -DANDROID -DTARGET_OS_GONK -DANDROID_VERSION=23 -DGR_GL_USE_NEW_SHADER_SOURCE_SIGNATURE=1 -isystem /media/fabrice/c13a996b-93e3-43ce-a1ab-9fb508c2cdbb/dev/B2G/bionic -isystem /media/fabrice/c13a996b-93e3-43ce-a1ab-9fb508c2cdbb/dev/B2G/bionic/libc/arch-arm/include -isystem /media/fabrice/c13a996b-93e3-43ce-a1ab-9fb508c2cdbb/dev/B2G/prebuilts/ndk/9/platforms/android-21/arch-arm/usr/include -isystem /media/fabrice/c13a996b-93e3-43ce-a1ab-9fb508c2cdbb/dev/B2G/bionic/libc/include/ -isystem /media/fabrice/c13a996b-93e3-43ce-a1ab-9fb508c2cdbb/dev/B2G/bionic/libc/kernel/common -isystem /media/fabrice/c13a996b-93e3-43ce-a1ab-9fb508c2cdbb/dev/B2G/bionic/libc/kernel/arch-arm -isystem /media/fabrice/c13a996b-93e3-43ce-a1ab-9fb508c2cdbb/dev/B2G/bionic/libc/kernel/uapi/ -isystem /media/fabrice/c13a996b-93e3-43ce-a1ab-9fb508c2cdbb/dev/B2G/bionic/libc/kernel/uapi/asm-arm/ -isystem /media/fabrice/c13a996b-93e3-43ce-a1ab-9fb508c2cdbb/dev/B2G/bionic/libm/include -I/media/fabrice/c13a996b-93e3-43ce-a1ab-9fb508c2cdbb/dev/B2G/frameworks/native/include -I/media/fabrice/c13a996b-93e3-43ce-a1ab-9fb508c2cdbb/dev/B2G/system -I/media/fabrice/c13a996b-93e3-43ce-a1ab-9fb508c2cdbb/dev/B2G/system/core/include -I/media/fabrice/c13a996b-93e3-43ce-a1ab-9fb508c2cdbb/dev/B2G/external/zlib conftest.c >&5
configure:5528: $? = 0
configure:5531: arm-linux-androideabi-ar cru libconftest.a @conftest.lst >&5
configure:5534: $? = 0
configure:5539: arm-linux-androideabi-ar cru libconftest.a @conftest.lst >&5
arm-linux-androideabi-ar: conftest.o: No such file or directory
configure:5542: $? = 1
configure:5554: result: @
configure:5572: checking for arm-linux-androideabi-strip
configure:5599: result: arm-linux-androideabi-strip
configure:5671: checking for arm-linux-androideabi-ranlib
configure:5687: found /media/fabrice/c13a996b-93e3-43ce-a1ab-9fb508c2cdbb/dev/B2G/prebuilts/gcc/linux-x86/arm/arm-linux-androideabi-4.9/bin//arm-linux-androideabi-ranlib
configure:5698: result: arm-linux-androideabi-ranlib
configure:5840: checking command to parse /media/fabrice/c13a996b-93e3-43ce-a1ab-9fb508c2cdbb/dev/B2G/prebuilts/gcc/linux-x86/arm/arm-linux-androideabi-4.9/bin//arm-linux-androideabi-nm -B output from arm-linux-androideabi-gcc object
configure:5960: arm-linux-androideabi-gcc -c -I/media/fabrice/c13a996b-93e3-43ce-a1ab-9fb508c2cdbb/dev/B2G/prebuilts/ndk/9/platforms/android-21/arch-arm/usr/include -O2 -mandroid -fPIC -isystem /media/fabrice/c13a996b-93e3-43ce-a1ab-9fb508c2cdbb/dev/B2G/api/cpp/include -I/media/fabrice/c13a996b-93e3-43ce-a1ab-9fb508c2cdbb/dev/B2G/external/libcxx/include -I/media/fabrice/c13a996b-93e3-43ce-a1ab-9fb508c2cdbb/dev/B2G/external/libcxx/include/ext -I/media/fabrice/c13a996b-93e3-43ce-a1ab-9fb508c2cdbb/dev/B2G/ndk/sources/cxx-stl/system/include -DANDROID -DTARGET_OS_GONK -DANDROID_VERSION=23 -DGR_GL_USE_NEW_SHADER_SOURCE_SIGNATURE=1 -isystem /media/fabrice/c13a996b-93e3-43ce-a1ab-9fb508c2cdbb/dev/B2G/bionic -isystem /media/fabrice/c13a996b-93e3-43ce-a1ab-9fb508c2cdbb/dev/B2G/bionic/libc/arch-arm/include -isystem /media/fabrice/c13a996b-93e3-43ce-a1ab-9fb508c2cdbb/dev/B2G/prebuilts/ndk/9/platforms/android-21/arch-arm/usr/include -isystem /media/fabrice/c13a996b-93e3-43ce-a1ab-9fb508c2cdbb/dev/B2G/bionic/libc/include/ -isystem /media/fabrice/c13a996b-93e3-43ce-a1ab-9fb508c2cdbb/dev/B2G/bionic/libc/kernel/common -isystem /media/fabrice/c13a996b-93e3-43ce-a1ab-9fb508c2cdbb/dev/B2G/bionic/libc/kernel/arch-arm -isystem /media/fabrice/c13a996b-93e3-43ce-a1ab-9fb508c2cdbb/dev/B2G/bionic/libc/kernel/uapi/ -isystem /media/fabrice/c13a996b-93e3-43ce-a1ab-9fb508c2cdbb/dev/B2G/bionic/libc/kernel/uapi/asm-arm/ -isystem /media/fabrice/c13a996b-93e3-43ce-a1ab-9fb508c2cdbb/dev/B2G/bionic/libm/include -I/media/fabrice/c13a996b-93e3-43ce-a1ab-9fb508c2cdbb/dev/B2G/frameworks/native/include -I/media/fabrice/c13a996b-93e3-43ce-a1ab-9fb508c2cdbb/dev/B2G/system -I/media/fabrice/c13a996b-93e3-43ce-a1ab-9fb508c2cdbb/dev/B2G/system/core/include -I/media/fabrice/c13a996b-93e3-43ce-a1ab-9fb508c2cdbb/dev/B2G/external/zlib conftest.c >&5
configure:5963: $? = 0
configure:5967: /media/fabrice/c13a996b-93e3-43ce-a1ab-9fb508c2cdbb/dev/B2G/prebuilts/gcc/linux-x86/arm/arm-linux-androideabi-4.9/bin//arm-linux-androideabi-nm -B conftest.o \| sed -n -e 's/^.*[ ]\([ABCDGIRSTW][ABCDGIRSTW]*\)[ ][ ]*\([_A-Za-z][_A-Za-z0-9]*\)$/\1 \2 \2/p' | sed '/ __gnu_lto/d' \> conftest.nm
configure:5970: $? = 0
configure:6036: arm-linux-androideabi-gcc -o conftest -I/media/fabrice/c13a996b-93e3-43ce-a1ab-9fb508c2cdbb/dev/B2G/prebuilts/ndk/9/platforms/android-21/arch-arm/usr/include -O2 -mandroid -fPIC -isystem /media/fabrice/c13a996b-93e3-43ce-a1ab-9fb508c2cdbb/dev/B2G/api/cpp/include -I/media/fabrice/c13a996b-93e3-43ce-a1ab-9fb508c2cdbb/dev/B2G/external/libcxx/include -I/media/fabrice/c13a996b-93e3-43ce-a1ab-9fb508c2cdbb/dev/B2G/external/libcxx/include/ext -I/media/fabrice/c13a996b-93e3-43ce-a1ab-9fb508c2cdbb/dev/B2G/ndk/sources/cxx-stl/system/include -DANDROID -DTARGET_OS_GONK -DANDROID_VERSION=23 -DGR_GL_USE_NEW_SHADER_SOURCE_SIGNATURE=1 -isystem /media/fabrice/c13a996b-93e3-43ce-a1ab-9fb508c2cdbb/dev/B2G/bionic -isystem /media/fabrice/c13a996b-93e3-43ce-a1ab-9fb508c2cdbb/dev/B2G/bionic/libc/arch-arm/include -isystem /media/fabrice/c13a996b-93e3-43ce-a1ab-9fb508c2cdbb/dev/B2G/prebuilts/ndk/9/platforms/android-21/arch-arm/usr/include -isystem /media/fabrice/c13a996b-93e3-43ce-a1ab-9fb508c2cdbb/dev/B2G/bionic/libc/include/ -isystem /media/fabrice/c13a996b-93e3-43ce-a1ab-9fb508c2cdbb/dev/B2G/bionic/libc/kernel/common -isystem /media/fabrice/c13a996b-93e3-43ce-a1ab-9fb508c2cdbb/dev/B2G/bionic/libc/kernel/arch-arm -isystem /media/fabrice/c13a996b-93e3-43ce-a1ab-9fb508c2cdbb/dev/B2G/bionic/libc/kernel/uapi/ -isystem /media/fabrice/c13a996b-93e3-43ce-a1ab-9fb508c2cdbb/dev/B2G/bionic/libc/kernel/uapi/asm-arm/ -isystem /media/fabrice/c13a996b-93e3-43ce-a1ab-9fb508c2cdbb/dev/B2G/bionic/libm/include -I/media/fabrice/c13a996b-93e3-43ce-a1ab-9fb508c2cdbb/dev/B2G/frameworks/native/include -I/media/fabrice/c13a996b-93e3-43ce-a1ab-9fb508c2cdbb/dev/B2G/system -I/media/fabrice/c13a996b-93e3-43ce-a1ab-9fb508c2cdbb/dev/B2G/system/core/include -I/media/fabrice/c13a996b-93e3-43ce-a1ab-9fb508c2cdbb/dev/B2G/external/zlib -mandroid -L/media/fabrice/c13a996b-93e3-43ce-a1ab-9fb508c2cdbb/dev/B2G/out/target/product/aries/obj/lib -Wl,-rpath-link=/media/fabrice/c13a996b-93e3-43ce-a1ab-9fb508c2cdbb/dev/B2G/out/target/product/aries/obj/lib --sysroot=/media/fabrice/c13a996b-93e3-43ce-a1ab-9fb508c2cdbb/dev/B2G/out/target/product/aries/obj/ conftest.c conftstm.o >&5
configure:6039: $? = 0
configure:6077: result: ok
configure:6114: checking for sysroot
configure:6144: result: /media/fabrice/c13a996b-93e3-43ce-a1ab-9fb508c2cdbb/dev/B2G/out/target/product/aries/obj/
configure:6360: checking for arm-linux-androideabi-mt
configure:6390: result: no
configure:6400: checking for mt
configure:6416: found /bin/mt
configure:6427: result: mt
configure:6439: WARNING: using cross tools not prefixed with host triplet
configure:6450: checking if mt is a manifest tool
configure:6456: mt '-?'
configure:6464: result: no
configure:7106: checking how to run the C preprocessor
configure:7137: arm-linux-androideabi-gcc -E -O2 -mandroid -fPIC -isystem /media/fabrice/c13a996b-93e3-43ce-a1ab-9fb508c2cdbb/dev/B2G/api/cpp/include -I/media/fabrice/c13a996b-93e3-43ce-a1ab-9fb508c2cdbb/dev/B2G/external/libcxx/include -I/media/fabrice/c13a996b-93e3-43ce-a1ab-9fb508c2cdbb/dev/B2G/external/libcxx/include/ext -I/media/fabrice/c13a996b-93e3-43ce-a1ab-9fb508c2cdbb/dev/B2G/ndk/sources/cxx-stl/system/include -DANDROID -DTARGET_OS_GONK -DANDROID_VERSION=23 -DGR_GL_USE_NEW_SHADER_SOURCE_SIGNATURE=1 -isystem /media/fabrice/c13a996b-93e3-43ce-a1ab-9fb508c2cdbb/dev/B2G/bionic -isystem /media/fabrice/c13a996b-93e3-43ce-a1ab-9fb508c2cdbb/dev/B2G/bionic/libc/arch-arm/include -isystem /media/fabrice/c13a996b-93e3-43ce-a1ab-9fb508c2cdbb/dev/B2G/prebuilts/ndk/9/platforms/android-21/arch-arm/usr/include -isystem /media/fabrice/c13a996b-93e3-43ce-a1ab-9fb508c2cdbb/dev/B2G/bionic/libc/include/ -isystem /media/fabrice/c13a996b-93e3-43ce-a1ab-9fb508c2cdbb/dev/B2G/bionic/libc/kernel/common -isystem /media/fabrice/c13a996b-93e3-43ce-a1ab-9fb508c2cdbb/dev/B2G/bionic/libc/kernel/arch-arm -isystem /media/fabrice/c13a996b-93e3-43ce-a1ab-9fb508c2cdbb/dev/B2G/bionic/libc/kernel/uapi/ -isystem /media/fabrice/c13a996b-93e3-43ce-a1ab-9fb508c2cdbb/dev/B2G/bionic/libc/kernel/uapi/asm-arm/ -isystem /media/fabrice/c13a996b-93e3-43ce-a1ab-9fb508c2cdbb/dev/B2G/bionic/libm/include -I/media/fabrice/c13a996b-93e3-43ce-a1ab-9fb508c2cdbb/dev/B2G/frameworks/native/include -I/media/fabrice/c13a996b-93e3-43ce-a1ab-9fb508c2cdbb/dev/B2G/system -I/media/fabrice/c13a996b-93e3-43ce-a1ab-9fb508c2cdbb/dev/B2G/system/core/include -I/media/fabrice/c13a996b-93e3-43ce-a1ab-9fb508c2cdbb/dev/B2G/external/zlib conftest.c
configure:7137: $? = 0
configure:7151: arm-linux-androideabi-gcc -E -O2 -mandroid -fPIC -isystem /media/fabrice/c13a996b-93e3-43ce-a1ab-9fb508c2cdbb/dev/B2G/api/cpp/include -I/media/fabrice/c13a996b-93e3-43ce-a1ab-9fb508c2cdbb/dev/B2G/external/libcxx/include -I/media/fabrice/c13a996b-93e3-43ce-a1ab-9fb508c2cdbb/dev/B2G/external/libcxx/include/ext -I/media/fabrice/c13a996b-93e3-43ce-a1ab-9fb508c2cdbb/dev/B2G/ndk/sources/cxx-stl/system/include -DANDROID -DTARGET_OS_GONK -DANDROID_VERSION=23 -DGR_GL_USE_NEW_SHADER_SOURCE_SIGNATURE=1 -isystem /media/fabrice/c13a996b-93e3-43ce-a1ab-9fb508c2cdbb/dev/B2G/bionic -isystem /media/fabrice/c13a996b-93e3-43ce-a1ab-9fb508c2cdbb/dev/B2G/bionic/libc/arch-arm/include -isystem /media/fabrice/c13a996b-93e3-43ce-a1ab-9fb508c2cdbb/dev/B2G/prebuilts/ndk/9/platforms/android-21/arch-arm/usr/include -isystem /media/fabrice/c13a996b-93e3-43ce-a1ab-9fb508c2cdbb/dev/B2G/bionic/libc/include/ -isystem /media/fabrice/c13a996b-93e3-43ce-a1ab-9fb508c2cdbb/dev/B2G/bionic/libc/kernel/common -isystem /media/fabrice/c13a996b-93e3-43ce-a1ab-9fb508c2cdbb/dev/B2G/bionic/libc/kernel/arch-arm -isystem /media/fabrice/c13a996b-93e3-43ce-a1ab-9fb508c2cdbb/dev/B2G/bionic/libc/kernel/uapi/ -isystem /media/fabrice/c13a996b-93e3-43ce-a1ab-9fb508c2cdbb/dev/B2G/bionic/libc/kernel/uapi/asm-arm/ -isystem /media/fabrice/c13a996b-93e3-43ce-a1ab-9fb508c2cdbb/dev/B2G/bionic/libm/include -I/media/fabrice/c13a996b-93e3-43ce-a1ab-9fb508c2cdbb/dev/B2G/frameworks/native/include -I/media/fabrice/c13a996b-93e3-43ce-a1ab-9fb508c2cdbb/dev/B2G/system -I/media/fabrice/c13a996b-93e3-43ce-a1ab-9fb508c2cdbb/dev/B2G/system/core/include -I/media/fabrice/c13a996b-93e3-43ce-a1ab-9fb508c2cdbb/dev/B2G/external/zlib conftest.c
conftest.c:11:28: fatal error: ac_nonexistent.h: No such file or directory
 #include <ac_nonexistent.h>
                            ^
compilation terminated.
configure:7151: $? = 1
configure: failed program was:
| /* confdefs.h */
| #define PACKAGE_NAME "Multitouch Protocol Translation Library"
| #define PACKAGE_TARNAME "mtdev"
| #define PACKAGE_VERSION "1.1.5"
| #define PACKAGE_STRING "Multitouch Protocol Translation Library 1.1.5"
| #define PACKAGE_BUGREPORT ""
| #define PACKAGE_URL ""
| #define PACKAGE "mtdev"
| #define VERSION "1.1.5"
| /* end confdefs.h.  */
| #include <ac_nonexistent.h>
configure:7176: result: arm-linux-androideabi-gcc -E
configure:7196: arm-linux-androideabi-gcc -E -O2 -mandroid -fPIC -isystem /media/fabrice/c13a996b-93e3-43ce-a1ab-9fb508c2cdbb/dev/B2G/api/cpp/include -I/media/fabrice/c13a996b-93e3-43ce-a1ab-9fb508c2cdbb/dev/B2G/external/libcxx/include -I/media/fabrice/c13a996b-93e3-43ce-a1ab-9fb508c2cdbb/dev/B2G/external/libcxx/include/ext -I/media/fabrice/c13a996b-93e3-43ce-a1ab-9fb508c2cdbb/dev/B2G/ndk/sources/cxx-stl/system/include -DANDROID -DTARGET_OS_GONK -DANDROID_VERSION=23 -DGR_GL_USE_NEW_SHADER_SOURCE_SIGNATURE=1 -isystem /media/fabrice/c13a996b-93e3-43ce-a1ab-9fb508c2cdbb/dev/B2G/bionic -isystem /media/fabrice/c13a996b-93e3-43ce-a1ab-9fb508c2cdbb/dev/B2G/bionic/libc/arch-arm/include -isystem /media/fabrice/c13a996b-93e3-43ce-a1ab-9fb508c2cdbb/dev/B2G/prebuilts/ndk/9/platforms/android-21/arch-arm/usr/include -isystem /media/fabrice/c13a996b-93e3-43ce-a1ab-9fb508c2cdbb/dev/B2G/bionic/libc/include/ -isystem /media/fabrice/c13a996b-93e3-43ce-a1ab-9fb508c2cdbb/dev/B2G/bionic/libc/kernel/common -isystem /media/fabrice/c13a996b-93e3-43ce-a1ab-9fb508c2cdbb/dev/B2G/bionic/libc/kernel/arch-arm -isystem /media/fabrice/c13a996b-93e3-43ce-a1ab-9fb508c2cdbb/dev/B2G/bionic/libc/kernel/uapi/ -isystem /media/fabrice/c13a996b-93e3-43ce-a1ab-9fb508c2cdbb/dev/B2G/bionic/libc/kernel/uapi/asm-arm/ -isystem /media/fabrice/c13a996b-93e3-43ce-a1ab-9fb508c2cdbb/dev/B2G/bionic/libm/include -I/media/fabrice/c13a996b-93e3-43ce-a1ab-9fb508c2cdbb/dev/B2G/frameworks/native/include -I/media/fabrice/c13a996b-93e3-43ce-a1ab-9fb508c2cdbb/dev/B2G/system -I/media/fabrice/c13a996b-93e3-43ce-a1ab-9fb508c2cdbb/dev/B2G/system/core/include -I/media/fabrice/c13a996b-93e3-43ce-a1ab-9fb508c2cdbb/dev/B2G/external/zlib conftest.c
configure:7196: $? = 0
configure:7210: arm-linux-androideabi-gcc -E -O2 -mandroid -fPIC -isystem /media/fabrice/c13a996b-93e3-43ce-a1ab-9fb508c2cdbb/dev/B2G/api/cpp/include -I/media/fabrice/c13a996b-93e3-43ce-a1ab-9fb508c2cdbb/dev/B2G/external/libcxx/include -I/media/fabrice/c13a996b-93e3-43ce-a1ab-9fb508c2cdbb/dev/B2G/external/libcxx/include/ext -I/media/fabrice/c13a996b-93e3-43ce-a1ab-9fb508c2cdbb/dev/B2G/ndk/sources/cxx-stl/system/include -DANDROID -DTARGET_OS_GONK -DANDROID_VERSION=23 -DGR_GL_USE_NEW_SHADER_SOURCE_SIGNATURE=1 -isystem /media/fabrice/c13a996b-93e3-43ce-a1ab-9fb508c2cdbb/dev/B2G/bionic -isystem /media/fabrice/c13a996b-93e3-43ce-a1ab-9fb508c2cdbb/dev/B2G/bionic/libc/arch-arm/include -isystem /media/fabrice/c13a996b-93e3-43ce-a1ab-9fb508c2cdbb/dev/B2G/prebuilts/ndk/9/platforms/android-21/arch-arm/usr/include -isystem /media/fabrice/c13a996b-93e3-43ce-a1ab-9fb508c2cdbb/dev/B2G/bionic/libc/include/ -isystem /media/fabrice/c13a996b-93e3-43ce-a1ab-9fb508c2cdbb/dev/B2G/bionic/libc/kernel/common -isystem /media/fabrice/c13a996b-93e3-43ce-a1ab-9fb508c2cdbb/dev/B2G/bionic/libc/kernel/arch-arm -isystem /media/fabrice/c13a996b-93e3-43ce-a1ab-9fb508c2cdbb/dev/B2G/bionic/libc/kernel/uapi/ -isystem /media/fabrice/c13a996b-93e3-43ce-a1ab-9fb508c2cdbb/dev/B2G/bionic/libc/kernel/uapi/asm-arm/ -isystem /media/fabrice/c13a996b-93e3-43ce-a1ab-9fb508c2cdbb/dev/B2G/bionic/libm/include -I/media/fabrice/c13a996b-93e3-43ce-a1ab-9fb508c2cdbb/dev/B2G/frameworks/native/include -I/media/fabrice/c13a996b-93e3-43ce-a1ab-9fb508c2cdbb/dev/B2G/system -I/media/fabrice/c13a996b-93e3-43ce-a1ab-9fb508c2cdbb/dev/B2G/system/core/include -I/media/fabrice/c13a996b-93e3-43ce-a1ab-9fb508c2cdbb/dev/B2G/external/zlib conftest.c
conftest.c:11:28: fatal error: ac_nonexistent.h: No such file or directory
 #include <ac_nonexistent.h>
                            ^
compilation terminated.
configure:7210: $? = 1
configure: failed program was:
| /* confdefs.h */
| #define PACKAGE_NAME "Multitouch Protocol Translation Library"
| #define PACKAGE_TARNAME "mtdev"
| #define PACKAGE_VERSION "1.1.5"
| #define PACKAGE_STRING "Multitouch Protocol Translation Library 1.1.5"
| #define PACKAGE_BUGREPORT ""
| #define PACKAGE_URL ""
| #define PACKAGE "mtdev"
| #define VERSION "1.1.5"
| /* end confdefs.h.  */
| #include <ac_nonexistent.h>
configure:7239: checking for ANSI C header files
configure:7259: arm-linux-androideabi-gcc -c -I/media/fabrice/c13a996b-93e3-43ce-a1ab-9fb508c2cdbb/dev/B2G/prebuilts/ndk/9/platforms/android-21/arch-arm/usr/include -O2 -mandroid -fPIC -isystem /media/fabrice/c13a996b-93e3-43ce-a1ab-9fb508c2cdbb/dev/B2G/api/cpp/include -I/media/fabrice/c13a996b-93e3-43ce-a1ab-9fb508c2cdbb/dev/B2G/external/libcxx/include -I/media/fabrice/c13a996b-93e3-43ce-a1ab-9fb508c2cdbb/dev/B2G/external/libcxx/include/ext -I/media/fabrice/c13a996b-93e3-43ce-a1ab-9fb508c2cdbb/dev/B2G/ndk/sources/cxx-stl/system/include -DANDROID -DTARGET_OS_GONK -DANDROID_VERSION=23 -DGR_GL_USE_NEW_SHADER_SOURCE_SIGNATURE=1 -isystem /media/fabrice/c13a996b-93e3-43ce-a1ab-9fb508c2cdbb/dev/B2G/bionic -isystem /media/fabrice/c13a996b-93e3-43ce-a1ab-9fb508c2cdbb/dev/B2G/bionic/libc/arch-arm/include -isystem /media/fabrice/c13a996b-93e3-43ce-a1ab-9fb508c2cdbb/dev/B2G/prebuilts/ndk/9/platforms/android-21/arch-arm/usr/include -isystem /media/fabrice/c13a996b-93e3-43ce-a1ab-9fb508c2cdbb/dev/B2G/bionic/libc/include/ -isystem /media/fabrice/c13a996b-93e3-43ce-a1ab-9fb508c2cdbb/dev/B2G/bionic/libc/kernel/common -isystem /media/fabrice/c13a996b-93e3-43ce-a1ab-9fb508c2cdbb/dev/B2G/bionic/libc/kernel/arch-arm -isystem /media/fabrice/c13a996b-93e3-43ce-a1ab-9fb508c2cdbb/dev/B2G/bionic/libc/kernel/uapi/ -isystem /media/fabrice/c13a996b-93e3-43ce-a1ab-9fb508c2cdbb/dev/B2G/bionic/libc/kernel/uapi/asm-arm/ -isystem /media/fabrice/c13a996b-93e3-43ce-a1ab-9fb508c2cdbb/dev/B2G/bionic/libm/include -I/media/fabrice/c13a996b-93e3-43ce-a1ab-9fb508c2cdbb/dev/B2G/frameworks/native/include -I/media/fabrice/c13a996b-93e3-43ce-a1ab-9fb508c2cdbb/dev/B2G/system -I/media/fabrice/c13a996b-93e3-43ce-a1ab-9fb508c2cdbb/dev/B2G/system/core/include -I/media/fabrice/c13a996b-93e3-43ce-a1ab-9fb508c2cdbb/dev/B2G/external/zlib conftest.c >&5
configure:7259: $? = 0
configure:7343: result: yes
configure:7356: checking for sys/types.h
configure:7356: arm-linux-androideabi-gcc -c -I/media/fabrice/c13a996b-93e3-43ce-a1ab-9fb508c2cdbb/dev/B2G/prebuilts/ndk/9/platforms/android-21/arch-arm/usr/include -O2 -mandroid -fPIC -isystem /media/fabrice/c13a996b-93e3-43ce-a1ab-9fb508c2cdbb/dev/B2G/api/cpp/include -I/media/fabrice/c13a996b-93e3-43ce-a1ab-9fb508c2cdbb/dev/B2G/external/libcxx/include -I/media/fabrice/c13a996b-93e3-43ce-a1ab-9fb508c2cdbb/dev/B2G/external/libcxx/include/ext -I/media/fabrice/c13a996b-93e3-43ce-a1ab-9fb508c2cdbb/dev/B2G/ndk/sources/cxx-stl/system/include -DANDROID -DTARGET_OS_GONK -DANDROID_VERSION=23 -DGR_GL_USE_NEW_SHADER_SOURCE_SIGNATURE=1 -isystem /media/fabrice/c13a996b-93e3-43ce-a1ab-9fb508c2cdbb/dev/B2G/bionic -isystem /media/fabrice/c13a996b-93e3-43ce-a1ab-9fb508c2cdbb/dev/B2G/bionic/libc/arch-arm/include -isystem /media/fabrice/c13a996b-93e3-43ce-a1ab-9fb508c2cdbb/dev/B2G/prebuilts/ndk/9/platforms/android-21/arch-arm/usr/include -isystem /media/fabrice/c13a996b-93e3-43ce-a1ab-9fb508c2cdbb/dev/B2G/bionic/libc/include/ -isystem /media/fabrice/c13a996b-93e3-43ce-a1ab-9fb508c2cdbb/dev/B2G/bionic/libc/kernel/common -isystem /media/fabrice/c13a996b-93e3-43ce-a1ab-9fb508c2cdbb/dev/B2G/bionic/libc/kernel/arch-arm -isystem /media/fabrice/c13a996b-93e3-43ce-a1ab-9fb508c2cdbb/dev/B2G/bionic/libc/kernel/uapi/ -isystem /media/fabrice/c13a996b-93e3-43ce-a1ab-9fb508c2cdbb/dev/B2G/bionic/libc/kernel/uapi/asm-arm/ -isystem /media/fabrice/c13a996b-93e3-43ce-a1ab-9fb508c2cdbb/dev/B2G/bionic/libm/include -I/media/fabrice/c13a996b-93e3-43ce-a1ab-9fb508c2cdbb/dev/B2G/frameworks/native/include -I/media/fabrice/c13a996b-93e3-43ce-a1ab-9fb508c2cdbb/dev/B2G/system -I/media/fabrice/c13a996b-93e3-43ce-a1ab-9fb508c2cdbb/dev/B2G/system/core/include -I/media/fabrice/c13a996b-93e3-43ce-a1ab-9fb508c2cdbb/dev/B2G/external/zlib conftest.c >&5
configure:7356: $? = 0
configure:7356: result: yes
configure:7356: checking for sys/stat.h
configure:7356: arm-linux-androideabi-gcc -c -I/media/fabrice/c13a996b-93e3-43ce-a1ab-9fb508c2cdbb/dev/B2G/prebuilts/ndk/9/platforms/android-21/arch-arm/usr/include -O2 -mandroid -fPIC -isystem /media/fabrice/c13a996b-93e3-43ce-a1ab-9fb508c2cdbb/dev/B2G/api/cpp/include -I/media/fabrice/c13a996b-93e3-43ce-a1ab-9fb508c2cdbb/dev/B2G/external/libcxx/include -I/media/fabrice/c13a996b-93e3-43ce-a1ab-9fb508c2cdbb/dev/B2G/external/libcxx/include/ext -I/media/fabrice/c13a996b-93e3-43ce-a1ab-9fb508c2cdbb/dev/B2G/ndk/sources/cxx-stl/system/include -DANDROID -DTARGET_OS_GONK -DANDROID_VERSION=23 -DGR_GL_USE_NEW_SHADER_SOURCE_SIGNATURE=1 -isystem /media/fabrice/c13a996b-93e3-43ce-a1ab-9fb508c2cdbb/dev/B2G/bionic -isystem /media/fabrice/c13a996b-93e3-43ce-a1ab-9fb508c2cdbb/dev/B2G/bionic/libc/arch-arm/include -isystem /media/fabrice/c13a996b-93e3-43ce-a1ab-9fb508c2cdbb/dev/B2G/prebuilts/ndk/9/platforms/android-21/arch-arm/usr/include -isystem /media/fabrice/c13a996b-93e3-43ce-a1ab-9fb508c2cdbb/dev/B2G/bionic/libc/include/ -isystem /media/fabrice/c13a996b-93e3-43ce-a1ab-9fb508c2cdbb/dev/B2G/bionic/libc/kernel/common -isystem /media/fabrice/c13a996b-93e3-43ce-a1ab-9fb508c2cdbb/dev/B2G/bionic/libc/kernel/arch-arm -isystem /media/fabrice/c13a996b-93e3-43ce-a1ab-9fb508c2cdbb/dev/B2G/bionic/libc/kernel/uapi/ -isystem /media/fabrice/c13a996b-93e3-43ce-a1ab-9fb508c2cdbb/dev/B2G/bionic/libc/kernel/uapi/asm-arm/ -isystem /media/fabrice/c13a996b-93e3-43ce-a1ab-9fb508c2cdbb/dev/B2G/bionic/libm/include -I/media/fabrice/c13a996b-93e3-43ce-a1ab-9fb508c2cdbb/dev/B2G/frameworks/native/include -I/media/fabrice/c13a996b-93e3-43ce-a1ab-9fb508c2cdbb/dev/B2G/system -I/media/fabrice/c13a996b-93e3-43ce-a1ab-9fb508c2cdbb/dev/B2G/system/core/include -I/media/fabrice/c13a996b-93e3-43ce-a1ab-9fb508c2cdbb/dev/B2G/external/zlib conftest.c >&5
configure:7356: $? = 0
configure:7356: result: yes
configure:7356: checking for stdlib.h
configure:7356: arm-linux-androideabi-gcc -c -I/media/fabrice/c13a996b-93e3-43ce-a1ab-9fb508c2cdbb/dev/B2G/prebuilts/ndk/9/platforms/android-21/arch-arm/usr/include -O2 -mandroid -fPIC -isystem /media/fabrice/c13a996b-93e3-43ce-a1ab-9fb508c2cdbb/dev/B2G/api/cpp/include -I/media/fabrice/c13a996b-93e3-43ce-a1ab-9fb508c2cdbb/dev/B2G/external/libcxx/include -I/media/fabrice/c13a996b-93e3-43ce-a1ab-9fb508c2cdbb/dev/B2G/external/libcxx/include/ext -I/media/fabrice/c13a996b-93e3-43ce-a1ab-9fb508c2cdbb/dev/B2G/ndk/sources/cxx-stl/system/include -DANDROID -DTARGET_OS_GONK -DANDROID_VERSION=23 -DGR_GL_USE_NEW_SHADER_SOURCE_SIGNATURE=1 -isystem /media/fabrice/c13a996b-93e3-43ce-a1ab-9fb508c2cdbb/dev/B2G/bionic -isystem /media/fabrice/c13a996b-93e3-43ce-a1ab-9fb508c2cdbb/dev/B2G/bionic/libc/arch-arm/include -isystem /media/fabrice/c13a996b-93e3-43ce-a1ab-9fb508c2cdbb/dev/B2G/prebuilts/ndk/9/platforms/android-21/arch-arm/usr/include -isystem /media/fabrice/c13a996b-93e3-43ce-a1ab-9fb508c2cdbb/dev/B2G/bionic/libc/include/ -isystem /media/fabrice/c13a996b-93e3-43ce-a1ab-9fb508c2cdbb/dev/B2G/bionic/libc/kernel/common -isystem /media/fabrice/c13a996b-93e3-43ce-a1ab-9fb508c2cdbb/dev/B2G/bionic/libc/kernel/arch-arm -isystem /media/fabrice/c13a996b-93e3-43ce-a1ab-9fb508c2cdbb/dev/B2G/bionic/libc/kernel/uapi/ -isystem /media/fabrice/c13a996b-93e3-43ce-a1ab-9fb508c2cdbb/dev/B2G/bionic/libc/kernel/uapi/asm-arm/ -isystem /media/fabrice/c13a996b-93e3-43ce-a1ab-9fb508c2cdbb/dev/B2G/bionic/libm/include -I/media/fabrice/c13a996b-93e3-43ce-a1ab-9fb508c2cdbb/dev/B2G/frameworks/native/include -I/media/fabrice/c13a996b-93e3-43ce-a1ab-9fb508c2cdbb/dev/B2G/system -I/media/fabrice/c13a996b-93e3-43ce-a1ab-9fb508c2cdbb/dev/B2G/system/core/include -I/media/fabrice/c13a996b-93e3-43ce-a1ab-9fb508c2cdbb/dev/B2G/external/zlib conftest.c >&5
configure:7356: $? = 0
configure:7356: result: yes
configure:7356: checking for string.h
configure:7356: arm-linux-androideabi-gcc -c -I/media/fabrice/c13a996b-93e3-43ce-a1ab-9fb508c2cdbb/dev/B2G/prebuilts/ndk/9/platforms/android-21/arch-arm/usr/include -O2 -mandroid -fPIC -isystem /media/fabrice/c13a996b-93e3-43ce-a1ab-9fb508c2cdbb/dev/B2G/api/cpp/include -I/media/fabrice/c13a996b-93e3-43ce-a1ab-9fb508c2cdbb/dev/B2G/external/libcxx/include -I/media/fabrice/c13a996b-93e3-43ce-a1ab-9fb508c2cdbb/dev/B2G/external/libcxx/include/ext -I/media/fabrice/c13a996b-93e3-43ce-a1ab-9fb508c2cdbb/dev/B2G/ndk/sources/cxx-stl/system/include -DANDROID -DTARGET_OS_GONK -DANDROID_VERSION=23 -DGR_GL_USE_NEW_SHADER_SOURCE_SIGNATURE=1 -isystem /media/fabrice/c13a996b-93e3-43ce-a1ab-9fb508c2cdbb/dev/B2G/bionic -isystem /media/fabrice/c13a996b-93e3-43ce-a1ab-9fb508c2cdbb/dev/B2G/bionic/libc/arch-arm/include -isystem /media/fabrice/c13a996b-93e3-43ce-a1ab-9fb508c2cdbb/dev/B2G/prebuilts/ndk/9/platforms/android-21/arch-arm/usr/include -isystem /media/fabrice/c13a996b-93e3-43ce-a1ab-9fb508c2cdbb/dev/B2G/bionic/libc/include/ -isystem /media/fabrice/c13a996b-93e3-43ce-a1ab-9fb508c2cdbb/dev/B2G/bionic/libc/kernel/common -isystem /media/fabrice/c13a996b-93e3-43ce-a1ab-9fb508c2cdbb/dev/B2G/bionic/libc/kernel/arch-arm -isystem /media/fabrice/c13a996b-93e3-43ce-a1ab-9fb508c2cdbb/dev/B2G/bionic/libc/kernel/uapi/ -isystem /media/fabrice/c13a996b-93e3-43ce-a1ab-9fb508c2cdbb/dev/B2G/bionic/libc/kernel/uapi/asm-arm/ -isystem /media/fabrice/c13a996b-93e3-43ce-a1ab-9fb508c2cdbb/dev/B2G/bionic/libm/include -I/media/fabrice/c13a996b-93e3-43ce-a1ab-9fb508c2cdbb/dev/B2G/frameworks/native/include -I/media/fabrice/c13a996b-93e3-43ce-a1ab-9fb508c2cdbb/dev/B2G/system -I/media/fabrice/c13a996b-93e3-43ce-a1ab-9fb508c2cdbb/dev/B2G/system/core/include -I/media/fabrice/c13a996b-93e3-43ce-a1ab-9fb508c2cdbb/dev/B2G/external/zlib conftest.c >&5
configure:7356: $? = 0
configure:7356: result: yes
configure:7356: checking for memory.h
configure:7356: arm-linux-androideabi-gcc -c -I/media/fabrice/c13a996b-93e3-43ce-a1ab-9fb508c2cdbb/dev/B2G/prebuilts/ndk/9/platforms/android-21/arch-arm/usr/include -O2 -mandroid -fPIC -isystem /media/fabrice/c13a996b-93e3-43ce-a1ab-9fb508c2cdbb/dev/B2G/api/cpp/include -I/media/fabrice/c13a996b-93e3-43ce-a1ab-9fb508c2cdbb/dev/B2G/external/libcxx/include -I/media/fabrice/c13a996b-93e3-43ce-a1ab-9fb508c2cdbb/dev/B2G/external/libcxx/include/ext -I/media/fabrice/c13a996b-93e3-43ce-a1ab-9fb508c2cdbb/dev/B2G/ndk/sources/cxx-stl/system/include -DANDROID -DTARGET_OS_GONK -DANDROID_VERSION=23 -DGR_GL_USE_NEW_SHADER_SOURCE_SIGNATURE=1 -isystem /media/fabrice/c13a996b-93e3-43ce-a1ab-9fb508c2cdbb/dev/B2G/bionic -isystem /media/fabrice/c13a996b-93e3-43ce-a1ab-9fb508c2cdbb/dev/B2G/bionic/libc/arch-arm/include -isystem /media/fabrice/c13a996b-93e3-43ce-a1ab-9fb508c2cdbb/dev/B2G/prebuilts/ndk/9/platforms/android-21/arch-arm/usr/include -isystem /media/fabrice/c13a996b-93e3-43ce-a1ab-9fb508c2cdbb/dev/B2G/bionic/libc/include/ -isystem /media/fabrice/c13a996b-93e3-43ce-a1ab-9fb508c2cdbb/dev/B2G/bionic/libc/kernel/common -isystem /media/fabrice/c13a996b-93e3-43ce-a1ab-9fb508c2cdbb/dev/B2G/bionic/libc/kernel/arch-arm -isystem /media/fabrice/c13a996b-93e3-43ce-a1ab-9fb508c2cdbb/dev/B2G/bionic/libc/kernel/uapi/ -isystem /media/fabrice/c13a996b-93e3-43ce-a1ab-9fb508c2cdbb/dev/B2G/bionic/libc/kernel/uapi/asm-arm/ -isystem /media/fabrice/c13a996b-93e3-43ce-a1ab-9fb508c2cdbb/dev/B2G/bionic/libm/include -I/media/fabrice/c13a996b-93e3-43ce-a1ab-9fb508c2cdbb/dev/B2G/frameworks/native/include -I/media/fabrice/c13a996b-93e3-43ce-a1ab-9fb508c2cdbb/dev/B2G/system -I/media/fabrice/c13a996b-93e3-43ce-a1ab-9fb508c2cdbb/dev/B2G/system/core/include -I/media/fabrice/c13a996b-93e3-43ce-a1ab-9fb508c2cdbb/dev/B2G/external/zlib conftest.c >&5
configure:7356: $? = 0
configure:7356: result: yes
configure:7356: checking for strings.h
configure:7356: arm-linux-androideabi-gcc -c -I/media/fabrice/c13a996b-93e3-43ce-a1ab-9fb508c2cdbb/dev/B2G/prebuilts/ndk/9/platforms/android-21/arch-arm/usr/include -O2 -mandroid -fPIC -isystem /media/fabrice/c13a996b-93e3-43ce-a1ab-9fb508c2cdbb/dev/B2G/api/cpp/include -I/media/fabrice/c13a996b-93e3-43ce-a1ab-9fb508c2cdbb/dev/B2G/external/libcxx/include -I/media/fabrice/c13a996b-93e3-43ce-a1ab-9fb508c2cdbb/dev/B2G/external/libcxx/include/ext -I/media/fabrice/c13a996b-93e3-43ce-a1ab-9fb508c2cdbb/dev/B2G/ndk/sources/cxx-stl/system/include -DANDROID -DTARGET_OS_GONK -DANDROID_VERSION=23 -DGR_GL_USE_NEW_SHADER_SOURCE_SIGNATURE=1 -isystem /media/fabrice/c13a996b-93e3-43ce-a1ab-9fb508c2cdbb/dev/B2G/bionic -isystem /media/fabrice/c13a996b-93e3-43ce-a1ab-9fb508c2cdbb/dev/B2G/bionic/libc/arch-arm/include -isystem /media/fabrice/c13a996b-93e3-43ce-a1ab-9fb508c2cdbb/dev/B2G/prebuilts/ndk/9/platforms/android-21/arch-arm/usr/include -isystem /media/fabrice/c13a996b-93e3-43ce-a1ab-9fb508c2cdbb/dev/B2G/bionic/libc/include/ -isystem /media/fabrice/c13a996b-93e3-43ce-a1ab-9fb508c2cdbb/dev/B2G/bionic/libc/kernel/common -isystem /media/fabrice/c13a996b-93e3-43ce-a1ab-9fb508c2cdbb/dev/B2G/bionic/libc/kernel/arch-arm -isystem /media/fabrice/c13a996b-93e3-43ce-a1ab-9fb508c2cdbb/dev/B2G/bionic/libc/kernel/uapi/ -isystem /media/fabrice/c13a996b-93e3-43ce-a1ab-9fb508c2cdbb/dev/B2G/bionic/libc/kernel/uapi/asm-arm/ -isystem /media/fabrice/c13a996b-93e3-43ce-a1ab-9fb508c2cdbb/dev/B2G/bionic/libm/include -I/media/fabrice/c13a996b-93e3-43ce-a1ab-9fb508c2cdbb/dev/B2G/frameworks/native/include -I/media/fabrice/c13a996b-93e3-43ce-a1ab-9fb508c2cdbb/dev/B2G/system -I/media/fabrice/c13a996b-93e3-43ce-a1ab-9fb508c2cdbb/dev/B2G/system/core/include -I/media/fabrice/c13a996b-93e3-43ce-a1ab-9fb508c2cdbb/dev/B2G/external/zlib conftest.c >&5
configure:7356: $? = 0
configure:7356: result: yes
configure:7356: checking for inttypes.h
configure:7356: arm-linux-androideabi-gcc -c -I/media/fabrice/c13a996b-93e3-43ce-a1ab-9fb508c2cdbb/dev/B2G/prebuilts/ndk/9/platforms/android-21/arch-arm/usr/include -O2 -mandroid -fPIC -isystem /media/fabrice/c13a996b-93e3-43ce-a1ab-9fb508c2cdbb/dev/B2G/api/cpp/include -I/media/fabrice/c13a996b-93e3-43ce-a1ab-9fb508c2cdbb/dev/B2G/external/libcxx/include -I/media/fabrice/c13a996b-93e3-43ce-a1ab-9fb508c2cdbb/dev/B2G/external/libcxx/include/ext -I/media/fabrice/c13a996b-93e3-43ce-a1ab-9fb508c2cdbb/dev/B2G/ndk/sources/cxx-stl/system/include -DANDROID -DTARGET_OS_GONK -DANDROID_VERSION=23 -DGR_GL_USE_NEW_SHADER_SOURCE_SIGNATURE=1 -isystem /media/fabrice/c13a996b-93e3-43ce-a1ab-9fb508c2cdbb/dev/B2G/bionic -isystem /media/fabrice/c13a996b-93e3-43ce-a1ab-9fb508c2cdbb/dev/B2G/bionic/libc/arch-arm/include -isystem /media/fabrice/c13a996b-93e3-43ce-a1ab-9fb508c2cdbb/dev/B2G/prebuilts/ndk/9/platforms/android-21/arch-arm/usr/include -isystem /media/fabrice/c13a996b-93e3-43ce-a1ab-9fb508c2cdbb/dev/B2G/bionic/libc/include/ -isystem /media/fabrice/c13a996b-93e3-43ce-a1ab-9fb508c2cdbb/dev/B2G/bionic/libc/kernel/common -isystem /media/fabrice/c13a996b-93e3-43ce-a1ab-9fb508c2cdbb/dev/B2G/bionic/libc/kernel/arch-arm -isystem /media/fabrice/c13a996b-93e3-43ce-a1ab-9fb508c2cdbb/dev/B2G/bionic/libc/kernel/uapi/ -isystem /media/fabrice/c13a996b-93e3-43ce-a1ab-9fb508c2cdbb/dev/B2G/bionic/libc/kernel/uapi/asm-arm/ -isystem /media/fabrice/c13a996b-93e3-43ce-a1ab-9fb508c2cdbb/dev/B2G/bionic/libm/include -I/media/fabrice/c13a996b-93e3-43ce-a1ab-9fb508c2cdbb/dev/B2G/frameworks/native/include -I/media/fabrice/c13a996b-93e3-43ce-a1ab-9fb508c2cdbb/dev/B2G/system -I/media/fabrice/c13a996b-93e3-43ce-a1ab-9fb508c2cdbb/dev/B2G/system/core/include -I/media/fabrice/c13a996b-93e3-43ce-a1ab-9fb508c2cdbb/dev/B2G/external/zlib conftest.c >&5
configure:7356: $? = 0
configure:7356: result: yes
configure:7356: checking for stdint.h
configure:7356: arm-linux-androideabi-gcc -c -I/media/fabrice/c13a996b-93e3-43ce-a1ab-9fb508c2cdbb/dev/B2G/prebuilts/ndk/9/platforms/android-21/arch-arm/usr/include -O2 -mandroid -fPIC -isystem /media/fabrice/c13a996b-93e3-43ce-a1ab-9fb508c2cdbb/dev/B2G/api/cpp/include -I/media/fabrice/c13a996b-93e3-43ce-a1ab-9fb508c2cdbb/dev/B2G/external/libcxx/include -I/media/fabrice/c13a996b-93e3-43ce-a1ab-9fb508c2cdbb/dev/B2G/external/libcxx/include/ext -I/media/fabrice/c13a996b-93e3-43ce-a1ab-9fb508c2cdbb/dev/B2G/ndk/sources/cxx-stl/system/include -DANDROID -DTARGET_OS_GONK -DANDROID_VERSION=23 -DGR_GL_USE_NEW_SHADER_SOURCE_SIGNATURE=1 -isystem /media/fabrice/c13a996b-93e3-43ce-a1ab-9fb508c2cdbb/dev/B2G/bionic -isystem /media/fabrice/c13a996b-93e3-43ce-a1ab-9fb508c2cdbb/dev/B2G/bionic/libc/arch-arm/include -isystem /media/fabrice/c13a996b-93e3-43ce-a1ab-9fb508c2cdbb/dev/B2G/prebuilts/ndk/9/platforms/android-21/arch-arm/usr/include -isystem /media/fabrice/c13a996b-93e3-43ce-a1ab-9fb508c2cdbb/dev/B2G/bionic/libc/include/ -isystem /media/fabrice/c13a996b-93e3-43ce-a1ab-9fb508c2cdbb/dev/B2G/bionic/libc/kernel/common -isystem /media/fabrice/c13a996b-93e3-43ce-a1ab-9fb508c2cdbb/dev/B2G/bionic/libc/kernel/arch-arm -isystem /media/fabrice/c13a996b-93e3-43ce-a1ab-9fb508c2cdbb/dev/B2G/bionic/libc/kernel/uapi/ -isystem /media/fabrice/c13a996b-93e3-43ce-a1ab-9fb508c2cdbb/dev/B2G/bionic/libc/kernel/uapi/asm-arm/ -isystem /media/fabrice/c13a996b-93e3-43ce-a1ab-9fb508c2cdbb/dev/B2G/bionic/libm/include -I/media/fabrice/c13a996b-93e3-43ce-a1ab-9fb508c2cdbb/dev/B2G/frameworks/native/include -I/media/fabrice/c13a996b-93e3-43ce-a1ab-9fb508c2cdbb/dev/B2G/system -I/media/fabrice/c13a996b-93e3-43ce-a1ab-9fb508c2cdbb/dev/B2G/system/core/include -I/media/fabrice/c13a996b-93e3-43ce-a1ab-9fb508c2cdbb/dev/B2G/external/zlib conftest.c >&5
configure:7356: $? = 0
configure:7356: result: yes
configure:7356: checking for unistd.h
configure:7356: arm-linux-androideabi-gcc -c -I/media/fabrice/c13a996b-93e3-43ce-a1ab-9fb508c2cdbb/dev/B2G/prebuilts/ndk/9/platforms/android-21/arch-arm/usr/include -O2 -mandroid -fPIC -isystem /media/fabrice/c13a996b-93e3-43ce-a1ab-9fb508c2cdbb/dev/B2G/api/cpp/include -I/media/fabrice/c13a996b-93e3-43ce-a1ab-9fb508c2cdbb/dev/B2G/external/libcxx/include -I/media/fabrice/c13a996b-93e3-43ce-a1ab-9fb508c2cdbb/dev/B2G/external/libcxx/include/ext -I/media/fabrice/c13a996b-93e3-43ce-a1ab-9fb508c2cdbb/dev/B2G/ndk/sources/cxx-stl/system/include -DANDROID -DTARGET_OS_GONK -DANDROID_VERSION=23 -DGR_GL_USE_NEW_SHADER_SOURCE_SIGNATURE=1 -isystem /media/fabrice/c13a996b-93e3-43ce-a1ab-9fb508c2cdbb/dev/B2G/bionic -isystem /media/fabrice/c13a996b-93e3-43ce-a1ab-9fb508c2cdbb/dev/B2G/bionic/libc/arch-arm/include -isystem /media/fabrice/c13a996b-93e3-43ce-a1ab-9fb508c2cdbb/dev/B2G/prebuilts/ndk/9/platforms/android-21/arch-arm/usr/include -isystem /media/fabrice/c13a996b-93e3-43ce-a1ab-9fb508c2cdbb/dev/B2G/bionic/libc/include/ -isystem /media/fabrice/c13a996b-93e3-43ce-a1ab-9fb508c2cdbb/dev/B2G/bionic/libc/kernel/common -isystem /media/fabrice/c13a996b-93e3-43ce-a1ab-9fb508c2cdbb/dev/B2G/bionic/libc/kernel/arch-arm -isystem /media/fabrice/c13a996b-93e3-43ce-a1ab-9fb508c2cdbb/dev/B2G/bionic/libc/kernel/uapi/ -isystem /media/fabrice/c13a996b-93e3-43ce-a1ab-9fb508c2cdbb/dev/B2G/bionic/libc/kernel/uapi/asm-arm/ -isystem /media/fabrice/c13a996b-93e3-43ce-a1ab-9fb508c2cdbb/dev/B2G/bionic/libm/include -I/media/fabrice/c13a996b-93e3-43ce-a1ab-9fb508c2cdbb/dev/B2G/frameworks/native/include -I/media/fabrice/c13a996b-93e3-43ce-a1ab-9fb508c2cdbb/dev/B2G/system -I/media/fabrice/c13a996b-93e3-43ce-a1ab-9fb508c2cdbb/dev/B2G/system/core/include -I/media/fabrice/c13a996b-93e3-43ce-a1ab-9fb508c2cdbb/dev/B2G/external/zlib conftest.c >&5
configure:7356: $? = 0
configure:7356: result: yes
configure:7370: checking for dlfcn.h
configure:7370: arm-linux-androideabi-gcc -c -I/media/fabrice/c13a996b-93e3-43ce-a1ab-9fb508c2cdbb/dev/B2G/prebuilts/ndk/9/platforms/android-21/arch-arm/usr/include -O2 -mandroid -fPIC -isystem /media/fabrice/c13a996b-93e3-43ce-a1ab-9fb508c2cdbb/dev/B2G/api/cpp/include -I/media/fabrice/c13a996b-93e3-43ce-a1ab-9fb508c2cdbb/dev/B2G/external/libcxx/include -I/media/fabrice/c13a996b-93e3-43ce-a1ab-9fb508c2cdbb/dev/B2G/external/libcxx/include/ext -I/media/fabrice/c13a996b-93e3-43ce-a1ab-9fb508c2cdbb/dev/B2G/ndk/sources/cxx-stl/system/include -DANDROID -DTARGET_OS_GONK -DANDROID_VERSION=23 -DGR_GL_USE_NEW_SHADER_SOURCE_SIGNATURE=1 -isystem /media/fabrice/c13a996b-93e3-43ce-a1ab-9fb508c2cdbb/dev/B2G/bionic -isystem /media/fabrice/c13a996b-93e3-43ce-a1ab-9fb508c2cdbb/dev/B2G/bionic/libc/arch-arm/include -isystem /media/fabrice/c13a996b-93e3-43ce-a1ab-9fb508c2cdbb/dev/B2G/prebuilts/ndk/9/platforms/android-21/arch-arm/usr/include -isystem /media/fabrice/c13a996b-93e3-43ce-a1ab-9fb508c2cdbb/dev/B2G/bionic/libc/include/ -isystem /media/fabrice/c13a996b-93e3-43ce-a1ab-9fb508c2cdbb/dev/B2G/bionic/libc/kernel/common -isystem /media/fabrice/c13a996b-93e3-43ce-a1ab-9fb508c2cdbb/dev/B2G/bionic/libc/kernel/arch-arm -isystem /media/fabrice/c13a996b-93e3-43ce-a1ab-9fb508c2cdbb/dev/B2G/bionic/libc/kernel/uapi/ -isystem /media/fabrice/c13a996b-93e3-43ce-a1ab-9fb508c2cdbb/dev/B2G/bionic/libc/kernel/uapi/asm-arm/ -isystem /media/fabrice/c13a996b-93e3-43ce-a1ab-9fb508c2cdbb/dev/B2G/bionic/libm/include -I/media/fabrice/c13a996b-93e3-43ce-a1ab-9fb508c2cdbb/dev/B2G/frameworks/native/include -I/media/fabrice/c13a996b-93e3-43ce-a1ab-9fb508c2cdbb/dev/B2G/system -I/media/fabrice/c13a996b-93e3-43ce-a1ab-9fb508c2cdbb/dev/B2G/system/core/include -I/media/fabrice/c13a996b-93e3-43ce-a1ab-9fb508c2cdbb/dev/B2G/external/zlib conftest.c >&5
configure:7370: $? = 0
configure:7370: result: yes
configure:7576: checking for objdir
configure:7591: result: .libs
configure:7858: checking if arm-linux-androideabi-gcc supports -fno-rtti -fno-exceptions
configure:7876: arm-linux-androideabi-gcc -c -I/media/fabrice/c13a996b-93e3-43ce-a1ab-9fb508c2cdbb/dev/B2G/prebuilts/ndk/9/platforms/android-21/arch-arm/usr/include -O2 -mandroid -fPIC -isystem /media/fabrice/c13a996b-93e3-43ce-a1ab-9fb508c2cdbb/dev/B2G/api/cpp/include -I/media/fabrice/c13a996b-93e3-43ce-a1ab-9fb508c2cdbb/dev/B2G/external/libcxx/include -I/media/fabrice/c13a996b-93e3-43ce-a1ab-9fb508c2cdbb/dev/B2G/external/libcxx/include/ext -I/media/fabrice/c13a996b-93e3-43ce-a1ab-9fb508c2cdbb/dev/B2G/ndk/sources/cxx-stl/system/include -DANDROID -DTARGET_OS_GONK -DANDROID_VERSION=23 -DGR_GL_USE_NEW_SHADER_SOURCE_SIGNATURE=1 -isystem /media/fabrice/c13a996b-93e3-43ce-a1ab-9fb508c2cdbb/dev/B2G/bionic -isystem /media/fabrice/c13a996b-93e3-43ce-a1ab-9fb508c2cdbb/dev/B2G/bionic/libc/arch-arm/include -isystem /media/fabrice/c13a996b-93e3-43ce-a1ab-9fb508c2cdbb/dev/B2G/prebuilts/ndk/9/platforms/android-21/arch-arm/usr/include -isystem /media/fabrice/c13a996b-93e3-43ce-a1ab-9fb508c2cdbb/dev/B2G/bionic/libc/include/ -isystem /media/fabrice/c13a996b-93e3-43ce-a1ab-9fb508c2cdbb/dev/B2G/bionic/libc/kernel/common -isystem /media/fabrice/c13a996b-93e3-43ce-a1ab-9fb508c2cdbb/dev/B2G/bionic/libc/kernel/arch-arm -isystem /media/fabrice/c13a996b-93e3-43ce-a1ab-9fb508c2cdbb/dev/B2G/bionic/libc/kernel/uapi/ -isystem /media/fabrice/c13a996b-93e3-43ce-a1ab-9fb508c2cdbb/dev/B2G/bionic/libc/kernel/uapi/asm-arm/ -isystem /media/fabrice/c13a996b-93e3-43ce-a1ab-9fb508c2cdbb/dev/B2G/bionic/libm/include -I/media/fabrice/c13a996b-93e3-43ce-a1ab-9fb508c2cdbb/dev/B2G/frameworks/native/include -I/media/fabrice/c13a996b-93e3-43ce-a1ab-9fb508c2cdbb/dev/B2G/system -I/media/fabrice/c13a996b-93e3-43ce-a1ab-9fb508c2cdbb/dev/B2G/system/core/include -I/media/fabrice/c13a996b-93e3-43ce-a1ab-9fb508c2cdbb/dev/B2G/external/zlib -fno-rtti -fno-exceptions conftest.c >&5
cc1: warning: command line option '-fno-rtti' is valid for C++/ObjC++ but not for C
configure:7880: $? = 0
configure:7893: result: no
configure:8220: checking for arm-linux-androideabi-gcc option to produce PIC
configure:8227: result: -fPIC -DPIC
configure:8235: checking if arm-linux-androideabi-gcc PIC flag -fPIC -DPIC works
configure:8253: arm-linux-androideabi-gcc -c -I/media/fabrice/c13a996b-93e3-43ce-a1ab-9fb508c2cdbb/dev/B2G/prebuilts/ndk/9/platforms/android-21/arch-arm/usr/include -O2 -mandroid -fPIC -isystem /media/fabrice/c13a996b-93e3-43ce-a1ab-9fb508c2cdbb/dev/B2G/api/cpp/include -I/media/fabrice/c13a996b-93e3-43ce-a1ab-9fb508c2cdbb/dev/B2G/external/libcxx/include -I/media/fabrice/c13a996b-93e3-43ce-a1ab-9fb508c2cdbb/dev/B2G/external/libcxx/include/ext -I/media/fabrice/c13a996b-93e3-43ce-a1ab-9fb508c2cdbb/dev/B2G/ndk/sources/cxx-stl/system/include -DANDROID -DTARGET_OS_GONK -DANDROID_VERSION=23 -DGR_GL_USE_NEW_SHADER_SOURCE_SIGNATURE=1 -isystem /media/fabrice/c13a996b-93e3-43ce-a1ab-9fb508c2cdbb/dev/B2G/bionic -isystem /media/fabrice/c13a996b-93e3-43ce-a1ab-9fb508c2cdbb/dev/B2G/bionic/libc/arch-arm/include -isystem /media/fabrice/c13a996b-93e3-43ce-a1ab-9fb508c2cdbb/dev/B2G/prebuilts/ndk/9/platforms/android-21/arch-arm/usr/include -isystem /media/fabrice/c13a996b-93e3-43ce-a1ab-9fb508c2cdbb/dev/B2G/bionic/libc/include/ -isystem /media/fabrice/c13a996b-93e3-43ce-a1ab-9fb508c2cdbb/dev/B2G/bionic/libc/kernel/common -isystem /media/fabrice/c13a996b-93e3-43ce-a1ab-9fb508c2cdbb/dev/B2G/bionic/libc/kernel/arch-arm -isystem /media/fabrice/c13a996b-93e3-43ce-a1ab-9fb508c2cdbb/dev/B2G/bionic/libc/kernel/uapi/ -isystem /media/fabrice/c13a996b-93e3-43ce-a1ab-9fb508c2cdbb/dev/B2G/bionic/libc/kernel/uapi/asm-arm/ -isystem /media/fabrice/c13a996b-93e3-43ce-a1ab-9fb508c2cdbb/dev/B2G/bionic/libm/include -I/media/fabrice/c13a996b-93e3-43ce-a1ab-9fb508c2cdbb/dev/B2G/frameworks/native/include -I/media/fabrice/c13a996b-93e3-43ce-a1ab-9fb508c2cdbb/dev/B2G/system -I/media/fabrice/c13a996b-93e3-43ce-a1ab-9fb508c2cdbb/dev/B2G/system/core/include -I/media/fabrice/c13a996b-93e3-43ce-a1ab-9fb508c2cdbb/dev/B2G/external/zlib -fPIC -DPIC -DPIC conftest.c >&5
configure:8257: $? = 0
configure:8270: result: yes
configure:8299: checking if arm-linux-androideabi-gcc static flag -static works
configure:8327: result: no
configure:8342: checking if arm-linux-androideabi-gcc supports -c -o file.o
configure:8363: arm-linux-androideabi-gcc -c -I/media/fabrice/c13a996b-93e3-43ce-a1ab-9fb508c2cdbb/dev/B2G/prebuilts/ndk/9/platforms/android-21/arch-arm/usr/include -O2 -mandroid -fPIC -isystem /media/fabrice/c13a996b-93e3-43ce-a1ab-9fb508c2cdbb/dev/B2G/api/cpp/include -I/media/fabrice/c13a996b-93e3-43ce-a1ab-9fb508c2cdbb/dev/B2G/external/libcxx/include -I/media/fabrice/c13a996b-93e3-43ce-a1ab-9fb508c2cdbb/dev/B2G/external/libcxx/include/ext -I/media/fabrice/c13a996b-93e3-43ce-a1ab-9fb508c2cdbb/dev/B2G/ndk/sources/cxx-stl/system/include -DANDROID -DTARGET_OS_GONK -DANDROID_VERSION=23 -DGR_GL_USE_NEW_SHADER_SOURCE_SIGNATURE=1 -isystem /media/fabrice/c13a996b-93e3-43ce-a1ab-9fb508c2cdbb/dev/B2G/bionic -isystem /media/fabrice/c13a996b-93e3-43ce-a1ab-9fb508c2cdbb/dev/B2G/bionic/libc/arch-arm/include -isystem /media/fabrice/c13a996b-93e3-43ce-a1ab-9fb508c2cdbb/dev/B2G/prebuilts/ndk/9/platforms/android-21/arch-arm/usr/include -isystem /media/fabrice/c13a996b-93e3-43ce-a1ab-9fb508c2cdbb/dev/B2G/bionic/libc/include/ -isystem /media/fabrice/c13a996b-93e3-43ce-a1ab-9fb508c2cdbb/dev/B2G/bionic/libc/kernel/common -isystem /media/fabrice/c13a996b-93e3-43ce-a1ab-9fb508c2cdbb/dev/B2G/bionic/libc/kernel/arch-arm -isystem /media/fabrice/c13a996b-93e3-43ce-a1ab-9fb508c2cdbb/dev/B2G/bionic/libc/kernel/uapi/ -isystem /media/fabrice/c13a996b-93e3-43ce-a1ab-9fb508c2cdbb/dev/B2G/bionic/libc/kernel/uapi/asm-arm/ -isystem /media/fabrice/c13a996b-93e3-43ce-a1ab-9fb508c2cdbb/dev/B2G/bionic/libm/include -I/media/fabrice/c13a996b-93e3-43ce-a1ab-9fb508c2cdbb/dev/B2G/frameworks/native/include -I/media/fabrice/c13a996b-93e3-43ce-a1ab-9fb508c2cdbb/dev/B2G/system -I/media/fabrice/c13a996b-93e3-43ce-a1ab-9fb508c2cdbb/dev/B2G/system/core/include -I/media/fabrice/c13a996b-93e3-43ce-a1ab-9fb508c2cdbb/dev/B2G/external/zlib -o out/conftest2.o conftest.c >&5
configure:8367: $? = 0
configure:8389: result: yes
configure:8397: checking if arm-linux-androideabi-gcc supports -c -o file.o
configure:8444: result: yes
configure:8477: checking whether the arm-linux-androideabi-gcc linker (/media/fabrice/c13a996b-93e3-43ce-a1ab-9fb508c2cdbb/dev/B2G/prebuilts/gcc/linux-x86/arm/arm-linux-androideabi-4.9/arm-linux-androideabi/bin/ld) supports shared libraries
configure:9630: result: yes
configure:9667: checking whether -lc should be explicitly linked in
configure:9675: arm-linux-androideabi-gcc -c -I/media/fabrice/c13a996b-93e3-43ce-a1ab-9fb508c2cdbb/dev/B2G/prebuilts/ndk/9/platforms/android-21/arch-arm/usr/include -O2 -mandroid -fPIC -isystem /media/fabrice/c13a996b-93e3-43ce-a1ab-9fb508c2cdbb/dev/B2G/api/cpp/include -I/media/fabrice/c13a996b-93e3-43ce-a1ab-9fb508c2cdbb/dev/B2G/external/libcxx/include -I/media/fabrice/c13a996b-93e3-43ce-a1ab-9fb508c2cdbb/dev/B2G/external/libcxx/include/ext -I/media/fabrice/c13a996b-93e3-43ce-a1ab-9fb508c2cdbb/dev/B2G/ndk/sources/cxx-stl/system/include -DANDROID -DTARGET_OS_GONK -DANDROID_VERSION=23 -DGR_GL_USE_NEW_SHADER_SOURCE_SIGNATURE=1 -isystem /media/fabrice/c13a996b-93e3-43ce-a1ab-9fb508c2cdbb/dev/B2G/bionic -isystem /media/fabrice/c13a996b-93e3-43ce-a1ab-9fb508c2cdbb/dev/B2G/bionic/libc/arch-arm/include -isystem /media/fabrice/c13a996b-93e3-43ce-a1ab-9fb508c2cdbb/dev/B2G/prebuilts/ndk/9/platforms/android-21/arch-arm/usr/include -isystem /media/fabrice/c13a996b-93e3-43ce-a1ab-9fb508c2cdbb/dev/B2G/bionic/libc/include/ -isystem /media/fabrice/c13a996b-93e3-43ce-a1ab-9fb508c2cdbb/dev/B2G/bionic/libc/kernel/common -isystem /media/fabrice/c13a996b-93e3-43ce-a1ab-9fb508c2cdbb/dev/B2G/bionic/libc/kernel/arch-arm -isystem /media/fabrice/c13a996b-93e3-43ce-a1ab-9fb508c2cdbb/dev/B2G/bionic/libc/kernel/uapi/ -isystem /media/fabrice/c13a996b-93e3-43ce-a1ab-9fb508c2cdbb/dev/B2G/bionic/libc/kernel/uapi/asm-arm/ -isystem /media/fabrice/c13a996b-93e3-43ce-a1ab-9fb508c2cdbb/dev/B2G/bionic/libm/include -I/media/fabrice/c13a996b-93e3-43ce-a1ab-9fb508c2cdbb/dev/B2G/frameworks/native/include -I/media/fabrice/c13a996b-93e3-43ce-a1ab-9fb508c2cdbb/dev/B2G/system -I/media/fabrice/c13a996b-93e3-43ce-a1ab-9fb508c2cdbb/dev/B2G/system/core/include -I/media/fabrice/c13a996b-93e3-43ce-a1ab-9fb508c2cdbb/dev/B2G/external/zlib conftest.c >&5
configure:9678: $? = 0
configure:9693: arm-linux-androideabi-gcc -shared  -fPIC -DPIC conftest.o  -v -Wl,-soname -Wl,conftest -o conftest 2\>\&1 \| /bin/grep  -lc  \>/dev/null 2\>\&1
configure:9696: $? = 0
configure:9710: result: no
configure:9870: checking dynamic linker characteristics
configure:10381: arm-linux-androideabi-gcc -o conftest -I/media/fabrice/c13a996b-93e3-43ce-a1ab-9fb508c2cdbb/dev/B2G/prebuilts/ndk/9/platforms/android-21/arch-arm/usr/include -O2 -mandroid -fPIC -isystem /media/fabrice/c13a996b-93e3-43ce-a1ab-9fb508c2cdbb/dev/B2G/api/cpp/include -I/media/fabrice/c13a996b-93e3-43ce-a1ab-9fb508c2cdbb/dev/B2G/external/libcxx/include -I/media/fabrice/c13a996b-93e3-43ce-a1ab-9fb508c2cdbb/dev/B2G/external/libcxx/include/ext -I/media/fabrice/c13a996b-93e3-43ce-a1ab-9fb508c2cdbb/dev/B2G/ndk/sources/cxx-stl/system/include -DANDROID -DTARGET_OS_GONK -DANDROID_VERSION=23 -DGR_GL_USE_NEW_SHADER_SOURCE_SIGNATURE=1 -isystem /media/fabrice/c13a996b-93e3-43ce-a1ab-9fb508c2cdbb/dev/B2G/bionic -isystem /media/fabrice/c13a996b-93e3-43ce-a1ab-9fb508c2cdbb/dev/B2G/bionic/libc/arch-arm/include -isystem /media/fabrice/c13a996b-93e3-43ce-a1ab-9fb508c2cdbb/dev/B2G/prebuilts/ndk/9/platforms/android-21/arch-arm/usr/include -isystem /media/fabrice/c13a996b-93e3-43ce-a1ab-9fb508c2cdbb/dev/B2G/bionic/libc/include/ -isystem /media/fabrice/c13a996b-93e3-43ce-a1ab-9fb508c2cdbb/dev/B2G/bionic/libc/kernel/common -isystem /media/fabrice/c13a996b-93e3-43ce-a1ab-9fb508c2cdbb/dev/B2G/bionic/libc/kernel/arch-arm -isystem /media/fabrice/c13a996b-93e3-43ce-a1ab-9fb508c2cdbb/dev/B2G/bionic/libc/kernel/uapi/ -isystem /media/fabrice/c13a996b-93e3-43ce-a1ab-9fb508c2cdbb/dev/B2G/bionic/libc/kernel/uapi/asm-arm/ -isystem /media/fabrice/c13a996b-93e3-43ce-a1ab-9fb508c2cdbb/dev/B2G/bionic/libm/include -I/media/fabrice/c13a996b-93e3-43ce-a1ab-9fb508c2cdbb/dev/B2G/frameworks/native/include -I/media/fabrice/c13a996b-93e3-43ce-a1ab-9fb508c2cdbb/dev/B2G/system -I/media/fabrice/c13a996b-93e3-43ce-a1ab-9fb508c2cdbb/dev/B2G/system/core/include -I/media/fabrice/c13a996b-93e3-43ce-a1ab-9fb508c2cdbb/dev/B2G/external/zlib -mandroid -L/media/fabrice/c13a996b-93e3-43ce-a1ab-9fb508c2cdbb/dev/B2G/out/target/product/aries/obj/lib -Wl,-rpath-link=/media/fabrice/c13a996b-93e3-43ce-a1ab-9fb508c2cdbb/dev/B2G/out/target/product/aries/obj/lib --sysroot=/media/fabrice/c13a996b-93e3-43ce-a1ab-9fb508c2cdbb/dev/B2G/out/target/product/aries/obj/ -Wl,-rpath -Wl,/foo conftest.c  >&5
configure:10381: $? = 0
configure:10603: result: GNU/Linux ld.so
configure:10710: checking how to hardcode library paths into programs
configure:10735: result: immediate
configure:11275: checking whether stripping libraries is possible
configure:11280: result: yes
configure:11315: checking if libtool supports shared libraries
configure:11317: result: yes
configure:11320: checking whether to build shared libraries
configure:11341: result: yes
configure:11344: checking whether to build static libraries
configure:11348: result: yes
configure:11395: checking for arm-linux-androideabi-gcc
configure:11422: result: arm-linux-androideabi-gcc
configure:11691: checking for C compiler version
configure:11700: arm-linux-androideabi-gcc --version >&5
real-arm-linux-androideabi-gcc (GCC) 4.9.x 20150123 (prerelease)
Copyright (C) 2014 Free Software Foundation, Inc.
This is free software; see the source for copying conditions.  There is NO
warranty; not even for MERCHANTABILITY or FITNESS FOR A PARTICULAR PURPOSE.

configure:11711: $? = 0
configure:11700: arm-linux-androideabi-gcc -v >&5
Using built-in specs.
COLLECT_GCC=/media/fabrice/c13a996b-93e3-43ce-a1ab-9fb508c2cdbb/dev/B2G/prebuilts/gcc/linux-x86/arm/arm-linux-androideabi-4.9/bin/real-arm-linux-androideabi-gcc
COLLECT_LTO_WRAPPER=/media/fabrice/c13a996b-93e3-43ce-a1ab-9fb508c2cdbb/dev/B2G/prebuilts/gcc/linux-x86/arm/arm-linux-androideabi-4.9/bin/../libexec/gcc/arm-linux-androideabi/4.9.x/lto-wrapper
Target: arm-linux-androideabi
Configured with: /buildbot/src/android/gcc/toolchain/build/../gcc/gcc-4.9/configure --prefix=/tmp/34269abe420208e092316e702cdce5df --target=arm-linux-androideabi --host=x86_64-linux-gnu --build=x86_64-linux-gnu --with-gnu-as --with-gnu-ld --enable-languages=c,c++ --with-gmp=/buildbot/tmp/build/toolchain/temp-install --with-mpfr=/buildbot/tmp/build/toolchain/temp-install --with-mpc=/buildbot/tmp/build/toolchain/temp-install --with-cloog=/buildbot/tmp/build/toolchain/temp-install --with-isl=/buildbot/tmp/build/toolchain/temp-install --with-ppl=/buildbot/tmp/build/toolchain/temp-install --disable-ppl-version-check --disable-cloog-version-check --disable-isl-version-check --enable-cloog-backend=isl --with-host-libstdcxx='-static-libgcc -Wl,-Bstatic,-lstdc++,-Bdynamic -lm' --disable-libssp --enable-threads --disable-nls --disable-libmudflap --disable-libgomp --disable-libstdc__-v3 --disable-sjlj-exceptions --disable-shared --disable-tls --disable-libitm --with-float=soft --with-fpu=vfp --with-arch=armv5te --enable-target-optspace --enable-bionic-libs --enable-libatomic-ifuncs=no --enable-initfini-array --disable-nls --prefix=/tmp/34269abe420208e092316e702cdce5df --with-sysroot=/tmp/34269abe420208e092316e702cdce5df/sysroot --with-binutils-version=2.27 --with-mpfr-version=3.1.1 --with-mpc-version=1.0.1 --with-gmp-version=5.0.5 --with-gcc-version=4.9 --with-gdb-version=none --with-gxx-include-dir=/tmp/34269abe420208e092316e702cdce5df/include/c++/4.9.x --with-bugurl=http://source.android.com/source/report-bugs.html --enable-languages=c,c++ --disable-bootstrap --enable-plugins --enable-libgomp --enable-gnu-indirect-function --disable-libsanitizer --enable-gold --enable-threads --enable-eh-frame-hdr-for-static --enable-graphite=yes --with-isl-version=0.11.1 --with-cloog-version=0.18.0 --with-arch=armv5te --program-transform-name='s&^&arm-linux-androideabi-&' --enable-gold=default
Thread model: posix
gcc version 4.9.x 20150123 (prerelease) (GCC) 
configure:11711: $? = 0
configure:11700: arm-linux-androideabi-gcc -V >&5
real-arm-linux-androideabi-gcc: error: unrecognized command line option '-V'
real-arm-linux-androideabi-gcc: fatal error: no input files
compilation terminated.
configure:11711: $? = 1
configure:11700: arm-linux-androideabi-gcc -qversion >&5
real-arm-linux-androideabi-gcc: error: unrecognized command line option '-qversion'
real-arm-linux-androideabi-gcc: fatal error: no input files
compilation terminated.
configure:11711: $? = 1
configure:11715: checking whether we are using the GNU C compiler
configure:11743: result: yes
configure:11752: checking whether arm-linux-androideabi-gcc accepts -g
configure:11813: result: yes
configure:11830: checking for arm-linux-androideabi-gcc option to accept ISO C89
configure:11906: result: none needed
configure:11931: checking whether arm-linux-androideabi-gcc understands -c and -o together
configure:11968: result: yes
configure:11987: checking dependency style of arm-linux-androideabi-gcc
configure:12098: result: gcc3
configure:12226: checking that generated files are newer than configure
configure:12232: result: done
configure:12259: creating ./config.status

## ---------------------- ##
## Running config.status. ##
## ---------------------- ##

This file was extended by Multitouch Protocol Translation Library config.status 1.1.5, which was
generated by GNU Autoconf 2.69.  Invocation command line was

  CONFIG_FILES    = 
  CONFIG_HEADERS  = 
  CONFIG_LINKS    = 
  CONFIG_COMMANDS = 
  $ ./config.status 

on xps13

config.status:1097: creating Makefile
config.status:1097: creating src/Makefile
config.status:1097: creating test/Makefile
config.status:1097: creating mtdev.pc
config.status:1097: creating config.h
config.status:1278: config.h is unchanged
config.status:1326: executing depfiles commands
config.status:1326: executing libtool commands

## ---------------- ##
## Cache variables. ##
## ---------------- ##

ac_cv_build=x86_64-unknown-linux-gnu
ac_cv_c_compiler_gnu=yes
ac_cv_env_CC_set=set
ac_cv_env_CC_value=arm-linux-androideabi-gcc
ac_cv_env_CFLAGS_set=set
ac_cv_env_CFLAGS_value=-I/media/fabrice/c13a996b-93e3-43ce-a1ab-9fb508c2cdbb/dev/B2G/prebuilts/ndk/9/platforms/android-21/arch-arm/usr/include
ac_cv_env_CPPFLAGS_set=set
ac_cv_env_CPPFLAGS_value='-O2 -mandroid -fPIC -isystem /media/fabrice/c13a996b-93e3-43ce-a1ab-9fb508c2cdbb/dev/B2G/api/cpp/include -I/media/fabrice/c13a996b-93e3-43ce-a1ab-9fb508c2cdbb/dev/B2G/external/libcxx/include -I/media/fabrice/c13a996b-93e3-43ce-a1ab-9fb508c2cdbb/dev/B2G/external/libcxx/include/ext -I/media/fabrice/c13a996b-93e3-43ce-a1ab-9fb508c2cdbb/dev/B2G/ndk/sources/cxx-stl/system/include -DANDROID -DTARGET_OS_GONK -DANDROID_VERSION=23 -DGR_GL_USE_NEW_SHADER_SOURCE_SIGNATURE=1 -isystem /media/fabrice/c13a996b-93e3-43ce-a1ab-9fb508c2cdbb/dev/B2G/bionic -isystem /media/fabrice/c13a996b-93e3-43ce-a1ab-9fb508c2cdbb/dev/B2G/bionic/libc/arch-arm/include -isystem /media/fabrice/c13a996b-93e3-43ce-a1ab-9fb508c2cdbb/dev/B2G/prebuilts/ndk/9/platforms/android-21/arch-arm/usr/include -isystem /media/fabrice/c13a996b-93e3-43ce-a1ab-9fb508c2cdbb/dev/B2G/bionic/libc/include/ -isystem /media/fabrice/c13a996b-93e3-43ce-a1ab-9fb508c2cdbb/dev/B2G/bionic/libc/kernel/common -isystem /media/fabrice/c13a996b-93e3-43ce-a1ab-9fb508c2cdbb/dev/B2G/bionic/libc/kernel/arch-arm -isystem /media/fabrice/c13a996b-93e3-43ce-a1ab-9fb508c2cdbb/dev/B2G/bionic/libc/kernel/uapi/ -isystem /media/fabrice/c13a996b-93e3-43ce-a1ab-9fb508c2cdbb/dev/B2G/bionic/libc/kernel/uapi/asm-arm/ -isystem /media/fabrice/c13a996b-93e3-43ce-a1ab-9fb508c2cdbb/dev/B2G/bionic/libm/include -I/media/fabrice/c13a996b-93e3-43ce-a1ab-9fb508c2cdbb/dev/B2G/frameworks/native/include -I/media/fabrice/c13a996b-93e3-43ce-a1ab-9fb508c2cdbb/dev/B2G/system -I/media/fabrice/c13a996b-93e3-43ce-a1ab-9fb508c2cdbb/dev/B2G/system/core/include -I/media/fabrice/c13a996b-93e3-43ce-a1ab-9fb508c2cdbb/dev/B2G/external/zlib'
ac_cv_env_CPP_set=
ac_cv_env_CPP_value=
ac_cv_env_LDFLAGS_set=set
ac_cv_env_LDFLAGS_value='-mandroid -L/media/fabrice/c13a996b-93e3-43ce-a1ab-9fb508c2cdbb/dev/B2G/out/target/product/aries/obj/lib -Wl,-rpath-link=/media/fabrice/c13a996b-93e3-43ce-a1ab-9fb508c2cdbb/dev/B2G/out/target/product/aries/obj/lib --sysroot=/media/fabrice/c13a996b-93e3-43ce-a1ab-9fb508c2cdbb/dev/B2G/out/target/product/aries/obj/'
ac_cv_env_LIBS_set=
ac_cv_env_LIBS_value=
ac_cv_env_build_alias_set=
ac_cv_env_build_alias_value=
ac_cv_env_host_alias_set=set
ac_cv_env_host_alias_value=arm-linux-androideabi
ac_cv_env_target_alias_set=
ac_cv_env_target_alias_value=
ac_cv_header_dlfcn_h=yes
ac_cv_header_inttypes_h=yes
ac_cv_header_memory_h=yes
ac_cv_header_stdc=yes
ac_cv_header_stdint_h=yes
ac_cv_header_stdlib_h=yes
ac_cv_header_string_h=yes
ac_cv_header_strings_h=yes
ac_cv_header_sys_stat_h=yes
ac_cv_header_sys_types_h=yes
ac_cv_header_unistd_h=yes
ac_cv_host=arm-unknown-linux-androideabi
ac_cv_objext=o
ac_cv_path_EGREP='/bin/grep -E'
ac_cv_path_FGREP='/bin/grep -F'
ac_cv_path_GREP=/bin/grep
ac_cv_path_SED=/bin/sed
ac_cv_path_install='/usr/bin/install -c'
ac_cv_path_mkdir=/bin/mkdir
ac_cv_prog_AR=arm-linux-androideabi-ar
ac_cv_prog_AWK=gawk
ac_cv_prog_CC=arm-linux-androideabi-gcc
ac_cv_prog_CPP='arm-linux-androideabi-gcc -E'
ac_cv_prog_OBJDUMP=arm-linux-androideabi-objdump
ac_cv_prog_RANLIB=arm-linux-androideabi-ranlib
ac_cv_prog_STRIP=arm-linux-androideabi-strip
ac_cv_prog_ac_ct_MANIFEST_TOOL=mt
ac_cv_prog_cc_c89=
ac_cv_prog_cc_g=yes
ac_cv_prog_make_make_set=yes
am_cv_CC_dependencies_compiler_type=gcc3
am_cv_make_support_nested_variables=yes
am_cv_prog_cc_c_o=yes
lt_cv_ar_at_file=@
lt_cv_archive_cmds_need_lc=no
lt_cv_deplibs_check_method=pass_all
lt_cv_file_magic_cmd='$MAGIC_CMD'
lt_cv_file_magic_test_file=
lt_cv_ld_reload_flag=-r
lt_cv_nm_interface='BSD nm'
lt_cv_objdir=.libs
lt_cv_path_LD=/media/fabrice/c13a996b-93e3-43ce-a1ab-9fb508c2cdbb/dev/B2G/prebuilts/gcc/linux-x86/arm/arm-linux-androideabi-4.9/arm-linux-androideabi/bin/ld
lt_cv_path_NM='/media/fabrice/c13a996b-93e3-43ce-a1ab-9fb508c2cdbb/dev/B2G/prebuilts/gcc/linux-x86/arm/arm-linux-androideabi-4.9/bin//arm-linux-androideabi-nm -B'
lt_cv_path_mainfest_tool=no
lt_cv_prog_compiler_c_o=yes
lt_cv_prog_compiler_pic='-fPIC -DPIC'
lt_cv_prog_compiler_pic_works=yes
lt_cv_prog_compiler_rtti_exceptions=no
lt_cv_prog_compiler_static_works=no
lt_cv_prog_gnu_ld=yes
lt_cv_sharedlib_from_linklib_cmd='printf %s\n'
lt_cv_shlibpath_overrides_runpath=yes
lt_cv_sys_global_symbol_pipe='sed -n -e '\''s/^.*[	 ]\([ABCDGIRSTW][ABCDGIRSTW]*\)[	 ][	 ]*\([_A-Za-z][_A-Za-z0-9]*\)$/\1 \2 \2/p'\'' | sed '\''/ __gnu_lto/d'\'''
lt_cv_sys_global_symbol_to_c_name_address='sed -n -e '\''s/^: \([^ ]*\)[ ]*$/  {\"\1\", (void *) 0},/p'\'' -e '\''s/^[ABCDGIRSTW]* \([^ ]*\) \([^ ]*\)$/  {"\2", (void *) \&\2},/p'\'''
lt_cv_sys_global_symbol_to_c_name_address_lib_prefix='sed -n -e '\''s/^: \([^ ]*\)[ ]*$/  {\"\1\", (void *) 0},/p'\'' -e '\''s/^[ABCDGIRSTW]* \([^ ]*\) \(lib[^ ]*\)$/  {"\2", (void *) \&\2},/p'\'' -e '\''s/^[ABCDGIRSTW]* \([^ ]*\) \([^ ]*\)$/  {"lib\2", (void *) \&\2},/p'\'''
lt_cv_sys_global_symbol_to_cdecl='sed -n -e '\''s/^T .* \(.*\)$/extern int \1();/p'\'' -e '\''s/^[ABCDGIRSTW]* .* \(.*\)$/extern char \1;/p'\'''
lt_cv_sys_max_cmd_len=1572864
lt_cv_to_host_file_cmd=func_convert_file_noop
lt_cv_to_tool_file_cmd=func_convert_file_noop

## ----------------- ##
## Output variables. ##
## ----------------- ##

ACLOCAL='aclocal-1.14'
AMDEPBACKSLASH='\'
AMDEP_FALSE='#'
AMDEP_TRUE=''
AMTAR='$${TAR-tar}'
AM_BACKSLASH='\'
AM_DEFAULT_V='$(AM_DEFAULT_VERBOSITY)'
AM_DEFAULT_VERBOSITY='0'
AM_V='$(V)'
AR='arm-linux-androideabi-ar'
AUTOCONF='autoconf'
AUTOHEADER='autoheader'
AUTOMAKE='automake-1.14'
AWK='gawk'
CC='arm-linux-androideabi-gcc'
CCDEPMODE='depmode=gcc3'
CFLAGS='-I/media/fabrice/c13a996b-93e3-43ce-a1ab-9fb508c2cdbb/dev/B2G/prebuilts/ndk/9/platforms/android-21/arch-arm/usr/include'
CPP='arm-linux-androideabi-gcc -E'
CPPFLAGS='-O2 -mandroid -fPIC -isystem /media/fabrice/c13a996b-93e3-43ce-a1ab-9fb508c2cdbb/dev/B2G/api/cpp/include -I/media/fabrice/c13a996b-93e3-43ce-a1ab-9fb508c2cdbb/dev/B2G/external/libcxx/include -I/media/fabrice/c13a996b-93e3-43ce-a1ab-9fb508c2cdbb/dev/B2G/external/libcxx/include/ext -I/media/fabrice/c13a996b-93e3-43ce-a1ab-9fb508c2cdbb/dev/B2G/ndk/sources/cxx-stl/system/include -DANDROID -DTARGET_OS_GONK -DANDROID_VERSION=23 -DGR_GL_USE_NEW_SHADER_SOURCE_SIGNATURE=1 -isystem /media/fabrice/c13a996b-93e3-43ce-a1ab-9fb508c2cdbb/dev/B2G/bionic -isystem /media/fabrice/c13a996b-93e3-43ce-a1ab-9fb508c2cdbb/dev/B2G/bionic/libc/arch-arm/include -isystem /media/fabrice/c13a996b-93e3-43ce-a1ab-9fb508c2cdbb/dev/B2G/prebuilts/ndk/9/platforms/android-21/arch-arm/usr/include -isystem /media/fabrice/c13a996b-93e3-43ce-a1ab-9fb508c2cdbb/dev/B2G/bionic/libc/include/ -isystem /media/fabrice/c13a996b-93e3-43ce-a1ab-9fb508c2cdbb/dev/B2G/bionic/libc/kernel/common -isystem /media/fabrice/c13a996b-93e3-43ce-a1ab-9fb508c2cdbb/dev/B2G/bionic/libc/kernel/arch-arm -isystem /media/fabrice/c13a996b-93e3-43ce-a1ab-9fb508c2cdbb/dev/B2G/bionic/libc/kernel/uapi/ -isystem /media/fabrice/c13a996b-93e3-43ce-a1ab-9fb508c2cdbb/dev/B2G/bionic/libc/kernel/uapi/asm-arm/ -isystem /media/fabrice/c13a996b-93e3-43ce-a1ab-9fb508c2cdbb/dev/B2G/bionic/libm/include -I/media/fabrice/c13a996b-93e3-43ce-a1ab-9fb508c2cdbb/dev/B2G/frameworks/native/include -I/media/fabrice/c13a996b-93e3-43ce-a1ab-9fb508c2cdbb/dev/B2G/system -I/media/fabrice/c13a996b-93e3-43ce-a1ab-9fb508c2cdbb/dev/B2G/system/core/include -I/media/fabrice/c13a996b-93e3-43ce-a1ab-9fb508c2cdbb/dev/B2G/external/zlib'
CYGPATH_W='echo'
DEFS='-DHAVE_CONFIG_H'
DEPDIR='.deps'
DLLTOOL='false'
DSYMUTIL=''
DUMPBIN=''
ECHO_C=''
ECHO_N='-n'
ECHO_T=''
EGREP='/bin/grep -E'
EXEEXT=''
FGREP='/bin/grep -F'
GREP='/bin/grep'
INSTALL_DATA='${INSTALL} -m 644'
INSTALL_PROGRAM='${INSTALL}'
INSTALL_SCRIPT='${INSTALL}'
INSTALL_STRIP_PROGRAM='$(install_sh) -c -s'
LD='/media/fabrice/c13a996b-93e3-43ce-a1ab-9fb508c2cdbb/dev/B2G/prebuilts/gcc/linux-x86/arm/arm-linux-androideabi-4.9/arm-linux-androideabi/bin/ld'
LDFLAGS='-mandroid -L/media/fabrice/c13a996b-93e3-43ce-a1ab-9fb508c2cdbb/dev/B2G/out/target/product/aries/obj/lib -Wl,-rpath-link=/media/fabrice/c13a996b-93e3-43ce-a1ab-9fb508c2cdbb/dev/B2G/out/target/product/aries/obj/lib --sysroot=/media/fabrice/c13a996b-93e3-43ce-a1ab-9fb508c2cdbb/dev/B2G/out/target/product/aries/obj/'
LIBOBJS=''
LIBS=''
LIBTOOL='$(SHELL) $(top_builddir)/libtool'
LIB_VERSION='1:0:0'
LIPO=''
LN_S='ln -s'
LTLIBOBJS=''
MAKEINFO='makeinfo'
MANIFEST_TOOL=':'
MKDIR_P='/bin/mkdir -p'
NM='/media/fabrice/c13a996b-93e3-43ce-a1ab-9fb508c2cdbb/dev/B2G/prebuilts/gcc/linux-x86/arm/arm-linux-androideabi-4.9/bin//arm-linux-androideabi-nm -B'
NMEDIT=''
OBJDUMP='arm-linux-androideabi-objdump'
OBJEXT='o'
OTOOL64=''
OTOOL=''
PACKAGE='mtdev'
PACKAGE_BUGREPORT=''
PACKAGE_NAME='Multitouch Protocol Translation Library'
PACKAGE_STRING='Multitouch Protocol Translation Library 1.1.5'
PACKAGE_TARNAME='mtdev'
PACKAGE_URL=''
PACKAGE_VERSION='1.1.5'
PATH_SEPARATOR=':'
RANLIB='arm-linux-androideabi-ranlib'
SED='/bin/sed'
SET_MAKE=''
SHELL='/bin/bash'
STRIP='arm-linux-androideabi-strip'
VERSION='1.1.5'
ac_ct_AR=''
ac_ct_CC=''
ac_ct_DUMPBIN=''
am__EXEEXT_FALSE=''
am__EXEEXT_TRUE='#'
am__fastdepCC_FALSE='#'
am__fastdepCC_TRUE=''
am__include='include'
am__isrc=''
am__leading_dot='.'
am__nodep='_no'
am__quote=''
am__tar='$${TAR-tar} chof - "$$tardir"'
am__untar='$${TAR-tar} xf -'
bindir='${exec_prefix}/bin'
build='x86_64-unknown-linux-gnu'
build_alias=''
build_cpu='x86_64'
build_os='linux-gnu'
build_vendor='unknown'
datadir='${datarootdir}'
datarootdir='${prefix}/share'
docdir='${datarootdir}/doc/${PACKAGE_TARNAME}'
dvidir='${docdir}'
exec_prefix='${prefix}'
host='arm-unknown-linux-androideabi'
host_alias='arm-linux-androideabi'
host_cpu='arm'
host_os='linux-androideabi'
host_vendor='unknown'
htmldir='${docdir}'
includedir='${prefix}/include'
infodir='${datarootdir}/info'
install_sh='${SHELL} /home/fabrice/dev/servonk/ports/gonk/mtdev/mtdev-1.1.5/config-aux/install-sh'
libdir='${exec_prefix}/lib'
libexecdir='${exec_prefix}/libexec'
localedir='${datarootdir}/locale'
localstatedir='${prefix}/var'
mandir='${datarootdir}/man'
mkdir_p='$(MKDIR_P)'
oldincludedir='/usr/include'
pdfdir='${docdir}'
prefix='/home/fabrice/dev/servonk/ports/gonk/target/armv7-linux-androideabi/release/build/mtdev-2e3c109e97ee937b/out'
program_transform_name='s,x,x,'
psdir='${docdir}'
sbindir='${exec_prefix}/sbin'
sharedstatedir='${prefix}/com'
sysconfdir='${prefix}/etc'
target_alias=''

## ----------- ##
## confdefs.h. ##
## ----------- ##

/* confdefs.h */
#define PACKAGE_NAME "Multitouch Protocol Translation Library"
#define PACKAGE_TARNAME "mtdev"
#define PACKAGE_VERSION "1.1.5"
#define PACKAGE_STRING "Multitouch Protocol Translation Library 1.1.5"
#define PACKAGE_BUGREPORT ""
#define PACKAGE_URL ""
#define PACKAGE "mtdev"
#define VERSION "1.1.5"
#define STDC_HEADERS 1
#define HAVE_SYS_TYPES_H 1
#define HAVE_SYS_STAT_H 1
#define HAVE_STDLIB_H 1
#define HAVE_STRING_H 1
#define HAVE_MEMORY_H 1
#define HAVE_STRINGS_H 1
#define HAVE_INTTYPES_H 1
#define HAVE_STDINT_H 1
#define HAVE_UNISTD_H 1
#define HAVE_DLFCN_H 1
#define LT_OBJDIR ".libs/"

configure: exit 0
